<?xml version="1.0" encoding="UTF-8"?>
<coverage generated="1453065400">
  <project timestamp="1453065400">
    <file name="/home/chris/PhpstormProjects/CrocoPhp/src/CrocCroc/Application/Injector/Base/ContainerInterface.php">
      <metrics loc="24" ncloc="9" classes="0" methods="0" coveredmethods="0" conditionals="0" coveredconditionals="0" statements="0" coveredstatements="0" elements="0" coveredelements="0"/>
    </file>
    <package name="CrocCroc\Application\Injector">
      <file name="/home/chris/PhpstormProjects/CrocoPhp/src/CrocCroc/Application/Injector/Container.php">
        <class name="Container" namespace="CrocCroc\Application\Injector" fullPackage="CrocCroc" package="CrocCroc">
          <metrics methods="9" coveredmethods="9" conditionals="0" coveredconditionals="0" statements="27" coveredstatements="27" elements="36" coveredelements="36"/>
        </class>
        <line num="49" type="method" name="getFactory" crap="1" count="1"/>
        <line num="51" type="stmt" count="1"/>
        <line num="58" type="method" name="setFactory" crap="1" count="1"/>
        <line num="60" type="stmt" count="1"/>
        <line num="61" type="stmt" count="1"/>
        <line num="68" type="method" name="getAliases" crap="1" count="1"/>
        <line num="70" type="stmt" count="1"/>
        <line num="81" type="method" name="setAliases" crap="1" count="1"/>
        <line num="83" type="stmt" count="1"/>
        <line num="84" type="stmt" count="1"/>
        <line num="94" type="method" name="addAliases" crap="1" count="1"/>
        <line num="96" type="stmt" count="1"/>
        <line num="97" type="stmt" count="1"/>
        <line num="105" type="method" name="hasAlias" crap="1" count="1"/>
        <line num="106" type="stmt" count="1"/>
        <line num="121" type="method" name="get" crap="6" count="6"/>
        <line num="123" type="stmt" count="6"/>
        <line num="125" type="stmt" count="6"/>
        <line num="126" type="stmt" count="2"/>
        <line num="129" type="stmt" count="6"/>
        <line num="130" type="stmt" count="1"/>
        <line num="133" type="stmt" count="5"/>
        <line num="134" type="stmt" count="2"/>
        <line num="138" type="stmt" count="3"/>
        <line num="140" type="stmt" count="3"/>
        <line num="142" type="stmt" count="3"/>
        <line num="143" type="stmt" count="2"/>
        <line num="146" type="stmt" count="3"/>
        <line num="162" type="method" name="has" crap="2" count="4"/>
        <line num="164" type="stmt" count="4"/>
        <line num="166" type="stmt" count="4"/>
        <line num="167" type="stmt" count="1"/>
        <line num="170" type="stmt" count="4"/>
        <line num="179" type="method" name="unStoredNextObject" crap="1" count="1"/>
        <line num="181" type="stmt" count="1"/>
        <line num="182" type="stmt" count="1"/>
        <metrics loc="185" ncloc="96" classes="1" methods="9" coveredmethods="9" conditionals="0" coveredconditionals="0" statements="27" coveredstatements="27" elements="36" coveredelements="36"/>
      </file>
    </package>
    <package name="CrocCroc\Application\Injector\Exception">
      <file name="/home/chris/PhpstormProjects/CrocoPhp/src/CrocCroc/Application/Injector/Exception/NotFoundException.php">
        <class name="NotFoundException" namespace="CrocCroc\Application\Injector\Exception">
          <metrics methods="0" coveredmethods="0" conditionals="0" coveredconditionals="0" statements="0" coveredstatements="0" elements="0" coveredelements="0"/>
        </class>
        <metrics loc="17" ncloc="11" classes="1" methods="0" coveredmethods="0" conditionals="0" coveredconditionals="0" statements="0" coveredstatements="0" elements="0" coveredelements="0"/>
      </file>
    </package>
    <file name="/home/chris/PhpstormProjects/CrocoPhp/src/CrocCroc/Interop/Container/ContainerInterface.php">
      <metrics loc="40" ncloc="13" classes="0" methods="0" coveredmethods="0" conditionals="0" coveredconditionals="0" statements="0" coveredstatements="0" elements="0" coveredelements="0"/>
    </file>
    <file name="/home/chris/PhpstormProjects/CrocoPhp/src/CrocCroc/Interop/Container/Exception/ContainerException.php">
      <metrics loc="13" ncloc="7" classes="0" methods="0" coveredmethods="0" conditionals="0" coveredconditionals="0" statements="0" coveredstatements="0" elements="0" coveredelements="0"/>
    </file>
    <file name="/home/chris/PhpstormProjects/CrocoPhp/src/CrocCroc/Interop/Container/Exception/NotFoundException.php">
      <metrics loc="13" ncloc="7" classes="0" methods="0" coveredmethods="0" conditionals="0" coveredconditionals="0" statements="0" coveredstatements="0" elements="0" coveredelements="0"/>
    </file>
    <package name="Composer\Autoload">
      <file name="/home/chris/PhpstormProjects/CrocoPhp/vendor/composer/ClassLoader.php">
        <class name="ClassLoader" namespace="Composer\Autoload">
          <metrics methods="19" coveredmethods="1" conditionals="0" coveredconditionals="0" statements="119" coveredstatements="25" elements="138" coveredelements="26"/>
        </class>
        <line num="59" type="method" name="getPrefixes" crap="6" count="0"/>
        <line num="61" type="stmt" count="0"/>
        <line num="62" type="stmt" count="0"/>
        <line num="65" type="stmt" count="0"/>
        <line num="68" type="method" name="getPrefixesPsr4" crap="2" count="0"/>
        <line num="70" type="stmt" count="0"/>
        <line num="73" type="method" name="getFallbackDirs" crap="2" count="0"/>
        <line num="75" type="stmt" count="0"/>
        <line num="78" type="method" name="getFallbackDirsPsr4" crap="2" count="0"/>
        <line num="80" type="stmt" count="0"/>
        <line num="83" type="method" name="getClassMap" crap="2" count="0"/>
        <line num="85" type="stmt" count="0"/>
        <line num="91" type="method" name="addClassMap" crap="6" count="0"/>
        <line num="93" type="stmt" count="0"/>
        <line num="94" type="stmt" count="0"/>
        <line num="96" type="stmt" count="0"/>
        <line num="98" type="stmt" count="0"/>
        <line num="108" type="method" name="add" crap="30" count="0"/>
        <line num="110" type="stmt" count="0"/>
        <line num="111" type="stmt" count="0"/>
        <line num="112" type="stmt" count="0"/>
        <line num="113" type="stmt" count="0"/>
        <line num="114" type="stmt" count="0"/>
        <line num="117" type="stmt" count="0"/>
        <line num="118" type="stmt" count="0"/>
        <line num="119" type="stmt" count="0"/>
        <line num="123" type="stmt" count="0"/>
        <line num="126" type="stmt" count="0"/>
        <line num="127" type="stmt" count="0"/>
        <line num="128" type="stmt" count="0"/>
        <line num="130" type="stmt" count="0"/>
        <line num="132" type="stmt" count="0"/>
        <line num="133" type="stmt" count="0"/>
        <line num="134" type="stmt" count="0"/>
        <line num="135" type="stmt" count="0"/>
        <line num="138" type="stmt" count="0"/>
        <line num="139" type="stmt" count="0"/>
        <line num="140" type="stmt" count="0"/>
        <line num="143" type="stmt" count="0"/>
        <line num="155" type="method" name="addPsr4" crap="42" count="0"/>
        <line num="157" type="stmt" count="0"/>
        <line num="159" type="stmt" count="0"/>
        <line num="160" type="stmt" count="0"/>
        <line num="161" type="stmt" count="0"/>
        <line num="162" type="stmt" count="0"/>
        <line num="165" type="stmt" count="0"/>
        <line num="166" type="stmt" count="0"/>
        <line num="167" type="stmt" count="0"/>
        <line num="170" type="stmt" count="0"/>
        <line num="172" type="stmt" count="0"/>
        <line num="173" type="stmt" count="0"/>
        <line num="174" type="stmt" count="0"/>
        <line num="176" type="stmt" count="0"/>
        <line num="177" type="stmt" count="0"/>
        <line num="178" type="stmt" count="0"/>
        <line num="180" type="stmt" count="0"/>
        <line num="181" type="stmt" count="0"/>
        <line num="182" type="stmt" count="0"/>
        <line num="186" type="stmt" count="0"/>
        <line num="187" type="stmt" count="0"/>
        <line num="188" type="stmt" count="0"/>
        <line num="191" type="stmt" count="0"/>
        <line num="200" type="method" name="set" crap="6" count="0"/>
        <line num="202" type="stmt" count="0"/>
        <line num="203" type="stmt" count="0"/>
        <line num="205" type="stmt" count="0"/>
        <line num="207" type="stmt" count="0"/>
        <line num="218" type="method" name="setPsr4" crap="12" count="0"/>
        <line num="220" type="stmt" count="0"/>
        <line num="221" type="stmt" count="0"/>
        <line num="223" type="stmt" count="0"/>
        <line num="224" type="stmt" count="0"/>
        <line num="225" type="stmt" count="0"/>
        <line num="227" type="stmt" count="0"/>
        <line num="228" type="stmt" count="0"/>
        <line num="230" type="stmt" count="0"/>
        <line num="237" type="method" name="setUseIncludePath" crap="2" count="0"/>
        <line num="239" type="stmt" count="0"/>
        <line num="240" type="stmt" count="0"/>
        <line num="248" type="method" name="getUseIncludePath" crap="2" count="0"/>
        <line num="250" type="stmt" count="0"/>
        <line num="259" type="method" name="setClassMapAuthoritative" crap="2" count="0"/>
        <line num="261" type="stmt" count="0"/>
        <line num="262" type="stmt" count="0"/>
        <line num="269" type="method" name="isClassMapAuthoritative" crap="2" count="0"/>
        <line num="271" type="stmt" count="0"/>
        <line num="279" type="method" name="register" crap="2" count="0"/>
        <line num="281" type="stmt" count="0"/>
        <line num="282" type="stmt" count="0"/>
        <line num="287" type="method" name="unregister" crap="2" count="0"/>
        <line num="289" type="stmt" count="0"/>
        <line num="290" type="stmt" count="0"/>
        <line num="298" type="method" name="loadClass" crap="2" count="14"/>
        <line num="300" type="stmt" count="14"/>
        <line num="301" type="stmt" count="5"/>
        <line num="303" type="stmt" count="5"/>
        <line num="305" type="stmt" count="14"/>
        <line num="314" type="method" name="findFile" crap="8.81" count="14"/>
        <line num="317" type="stmt" count="14"/>
        <line num="318" type="stmt" count="0"/>
        <line num="322" type="stmt" count="14"/>
        <line num="323" type="stmt" count="14"/>
        <line num="325" type="stmt" count="3"/>
        <line num="326" type="stmt" count="0"/>
        <line num="329" type="stmt" count="3"/>
        <line num="332" type="stmt" count="3"/>
        <line num="333" type="stmt" count="0"/>
        <line num="336" type="stmt" count="3"/>
        <line num="338" type="stmt" count="3"/>
        <line num="341" type="stmt" count="0"/>
        <line num="344" type="method" name="findFileWithExtension" crap="63.17" count="3"/>
        <line num="347" type="stmt" count="3"/>
        <line num="349" type="stmt" count="3"/>
        <line num="350" type="stmt" count="3"/>
        <line num="351" type="stmt" count="1"/>
        <line num="352" type="stmt" count="1"/>
        <line num="353" type="stmt" count="0"/>
        <line num="354" type="stmt" count="0"/>
        <line num="355" type="stmt" count="1"/>
        <line num="363" type="stmt" count="3"/>
        <line num="364" type="stmt" count="0"/>
        <line num="365" type="stmt" count="0"/>
        <line num="370" type="stmt" count="3"/>
        <line num="372" type="stmt" count="0"/>
        <line num="373" type="stmt" count="0"/>
        <line num="376" type="stmt" count="3"/>
        <line num="379" type="stmt" count="3"/>
        <line num="380" type="stmt" count="0"/>
        <line num="381" type="stmt" count="0"/>
        <line num="382" type="stmt" count="0"/>
        <line num="383" type="stmt" count="0"/>
        <line num="384" type="stmt" count="0"/>
        <line num="392" type="stmt" count="3"/>
        <line num="393" type="stmt" count="0"/>
        <line num="394" type="stmt" count="0"/>
        <line num="399" type="stmt" count="3"/>
        <line num="400" type="stmt" count="0"/>
        <line num="402" type="stmt" count="3"/>
        <line num="412" type="stmt" count="5"/>
        <line num="413" type="stmt" count="5"/>
        <metrics loc="413" ncloc="257" classes="1" methods="19" coveredmethods="1" conditionals="0" coveredconditionals="0" statements="121" coveredstatements="27" elements="140" coveredelements="28"/>
      </file>
    </package>
    <file name="/home/chris/PhpstormProjects/CrocoPhp/vendor/composer/autoload_real.php">
      <class name="ComposerAutoloaderInitfc57b420a946b09fb2d70c6ba5fd6ce2" namespace="global">
        <metrics methods="2" coveredmethods="0" conditionals="0" coveredconditionals="0" statements="22" coveredstatements="0" elements="24" coveredelements="0"/>
      </class>
      <line num="9" type="method" name="loadClassLoader" crap="6" count="0"/>
      <line num="11" type="stmt" count="0"/>
      <line num="12" type="stmt" count="0"/>
      <line num="14" type="stmt" count="0"/>
      <line num="16" type="method" name="getLoader" crap="30" count="0"/>
      <line num="18" type="stmt" count="0"/>
      <line num="19" type="stmt" count="0"/>
      <line num="22" type="stmt" count="0"/>
      <line num="23" type="stmt" count="0"/>
      <line num="24" type="stmt" count="0"/>
      <line num="26" type="stmt" count="0"/>
      <line num="27" type="stmt" count="0"/>
      <line num="28" type="stmt" count="0"/>
      <line num="30" type="stmt" count="0"/>
      <line num="31" type="stmt" count="0"/>
      <line num="32" type="stmt" count="0"/>
      <line num="35" type="stmt" count="0"/>
      <line num="36" type="stmt" count="0"/>
      <line num="37" type="stmt" count="0"/>
      <line num="40" type="stmt" count="0"/>
      <line num="41" type="stmt" count="0"/>
      <line num="42" type="stmt" count="0"/>
      <line num="45" type="stmt" count="0"/>
      <line num="47" type="stmt" count="0"/>
      <metrics loc="49" ncloc="47" classes="1" methods="2" coveredmethods="0" conditionals="0" coveredconditionals="0" statements="22" coveredstatements="0" elements="24" coveredelements="0"/>
    </file>
    <file name="/home/chris/PhpstormProjects/CrocoPhp/vendor/phpunit/php-code-coverage/src/CodeCoverage.php">
      <class name="PHP_CodeCoverage" namespace="global" fullPackage="PHP">
        <metrics methods="30" coveredmethods="0" conditionals="0" coveredconditionals="0" statements="333" coveredstatements="4" elements="363" coveredelements="4"/>
      </class>
      <line num="96" type="method" name="__construct" crap="12" count="0"/>
      <line num="98" type="stmt" count="0"/>
      <line num="99" type="stmt" count="0"/>
      <line num="102" type="stmt" count="0"/>
      <line num="103" type="stmt" count="0"/>
      <line num="106" type="stmt" count="0"/>
      <line num="107" type="stmt" count="0"/>
      <line num="108" type="stmt" count="0"/>
      <line num="117" type="method" name="getReport" crap="2" count="0"/>
      <line num="119" type="stmt" count="0"/>
      <line num="121" type="stmt" count="0"/>
      <line num="127" type="method" name="clear" crap="2" count="0"/>
      <line num="129" type="stmt" count="0"/>
      <line num="130" type="stmt" count="0"/>
      <line num="131" type="stmt" count="0"/>
      <line num="132" type="stmt" count="0"/>
      <line num="139" type="method" name="filter" crap="2" count="0"/>
      <line num="141" type="stmt" count="0"/>
      <line num="152" type="method" name="getData" crap="30" count="0"/>
      <line num="154" type="stmt" count="0"/>
      <line num="155" type="stmt" count="0"/>
      <line num="160" type="stmt" count="0"/>
      <line num="161" type="stmt" count="0"/>
      <line num="164" type="stmt" count="0"/>
      <line num="173" type="method" name="setData" crap="2" count="0"/>
      <line num="175" type="stmt" count="0"/>
      <line num="176" type="stmt" count="0"/>
      <line num="184" type="method" name="getTests" crap="2" count="0"/>
      <line num="186" type="stmt" count="0"/>
      <line num="195" type="method" name="setTests" crap="2" count="0"/>
      <line num="197" type="stmt" count="0"/>
      <line num="198" type="stmt" count="0"/>
      <line num="207" type="method" name="start" crap="9.32" count="14"/>
      <line num="209" type="stmt" count="0"/>
      <line num="210" type="stmt" count="0"/>
      <line num="211" type="stmt" count="0"/>
      <line num="212" type="stmt" count="0"/>
      <line num="216" type="stmt" count="0"/>
      <line num="217" type="stmt" count="0"/>
      <line num="220" type="stmt" count="0"/>
      <line num="222" type="stmt" count="0"/>
      <line num="223" type="stmt" count="14"/>
      <line num="234" type="method" name="stop" crap="10.75" count="14"/>
      <line num="236" type="stmt" count="14"/>
      <line num="237" type="stmt" count="0"/>
      <line num="238" type="stmt" count="0"/>
      <line num="239" type="stmt" count="0"/>
      <line num="243" type="stmt" count="14"/>
      <line num="244" type="stmt" count="0"/>
      <line num="245" type="stmt" count="0"/>
      <line num="246" type="stmt" count="0"/>
      <line num="250" type="stmt" count="14"/>
      <line num="251" type="stmt" count="0"/>
      <line num="253" type="stmt" count="0"/>
      <line num="255" type="stmt" count="0"/>
      <line num="268" type="method" name="append" crap="306" count="0"/>
      <line num="270" type="stmt" count="0"/>
      <line num="271" type="stmt" count="0"/>
      <line num="274" type="stmt" count="0"/>
      <line num="275" type="stmt" count="0"/>
      <line num="278" type="stmt" count="0"/>
      <line num="279" type="stmt" count="0"/>
      <line num="280" type="stmt" count="0"/>
      <line num="282" type="stmt" count="0"/>
      <line num="283" type="stmt" count="0"/>
      <line num="286" type="stmt" count="0"/>
      <line num="287" type="stmt" count="0"/>
      <line num="294" type="stmt" count="0"/>
      <line num="295" type="stmt" count="0"/>
      <line num="298" type="stmt" count="0"/>
      <line num="299" type="stmt" count="0"/>
      <line num="301" type="stmt" count="0"/>
      <line num="302" type="stmt" count="0"/>
      <line num="304" type="stmt" count="0"/>
      <line num="305" type="stmt" count="0"/>
      <line num="306" type="stmt" count="0"/>
      <line num="307" type="stmt" count="0"/>
      <line num="308" type="stmt" count="0"/>
      <line num="309" type="stmt" count="0"/>
      <line num="312" type="stmt" count="0"/>
      <line num="313" type="stmt" count="0"/>
      <line num="314" type="stmt" count="0"/>
      <line num="315" type="stmt" count="0"/>
      <line num="316" type="stmt" count="0"/>
      <line num="319" type="stmt" count="0"/>
      <line num="321" type="stmt" count="0"/>
      <line num="322" type="stmt" count="0"/>
      <line num="323" type="stmt" count="0"/>
      <line num="326" type="stmt" count="0"/>
      <line num="327" type="stmt" count="0"/>
      <line num="328" type="stmt" count="0"/>
      <line num="329" type="stmt" count="0"/>
      <line num="334" type="stmt" count="0"/>
      <line num="341" type="method" name="merge" crap="56" count="0"/>
      <line num="343" type="stmt" count="0"/>
      <line num="344" type="stmt" count="0"/>
      <line num="347" type="stmt" count="0"/>
      <line num="348" type="stmt" count="0"/>
      <line num="351" type="stmt" count="0"/>
      <line num="352" type="stmt" count="0"/>
      <line num="353" type="stmt" count="0"/>
      <line num="354" type="stmt" count="0"/>
      <line num="357" type="stmt" count="0"/>
      <line num="360" type="stmt" count="0"/>
      <line num="361" type="stmt" count="0"/>
      <line num="362" type="stmt" count="0"/>
      <line num="363" type="stmt" count="0"/>
      <line num="365" type="stmt" count="0"/>
      <line num="366" type="stmt" count="0"/>
      <line num="373" type="stmt" count="0"/>
      <line num="375" type="stmt" count="0"/>
      <line num="382" type="method" name="setCacheTokens" crap="6" count="0"/>
      <line num="384" type="stmt" count="0"/>
      <line num="385" type="stmt" count="0"/>
      <line num="386" type="stmt" count="0"/>
      <line num="387" type="stmt" count="0"/>
      <line num="391" type="stmt" count="0"/>
      <line num="392" type="stmt" count="0"/>
      <line num="397" type="method" name="getCacheTokens" crap="2" count="0"/>
      <line num="399" type="stmt" count="0"/>
      <line num="407" type="method" name="setCheckForUnintentionallyCoveredCode" crap="6" count="0"/>
      <line num="409" type="stmt" count="0"/>
      <line num="410" type="stmt" count="0"/>
      <line num="411" type="stmt" count="0"/>
      <line num="412" type="stmt" count="0"/>
      <line num="416" type="stmt" count="0"/>
      <line num="417" type="stmt" count="0"/>
      <line num="423" type="method" name="setForceCoversAnnotation" crap="6" count="0"/>
      <line num="425" type="stmt" count="0"/>
      <line num="426" type="stmt" count="0"/>
      <line num="427" type="stmt" count="0"/>
      <line num="428" type="stmt" count="0"/>
      <line num="432" type="stmt" count="0"/>
      <line num="433" type="stmt" count="0"/>
      <line num="439" type="method" name="setMapTestClassNameToCoveredClassName" crap="6" count="0"/>
      <line num="441" type="stmt" count="0"/>
      <line num="442" type="stmt" count="0"/>
      <line num="443" type="stmt" count="0"/>
      <line num="444" type="stmt" count="0"/>
      <line num="448" type="stmt" count="0"/>
      <line num="449" type="stmt" count="0"/>
      <line num="455" type="method" name="setAddUncoveredFilesFromWhitelist" crap="6" count="0"/>
      <line num="457" type="stmt" count="0"/>
      <line num="458" type="stmt" count="0"/>
      <line num="459" type="stmt" count="0"/>
      <line num="460" type="stmt" count="0"/>
      <line num="464" type="stmt" count="0"/>
      <line num="465" type="stmt" count="0"/>
      <line num="471" type="method" name="setProcessUncoveredFilesFromWhitelist" crap="6" count="0"/>
      <line num="473" type="stmt" count="0"/>
      <line num="474" type="stmt" count="0"/>
      <line num="475" type="stmt" count="0"/>
      <line num="476" type="stmt" count="0"/>
      <line num="480" type="stmt" count="0"/>
      <line num="481" type="stmt" count="0"/>
      <line num="487" type="method" name="setDisableIgnoredLines" crap="6" count="0"/>
      <line num="489" type="stmt" count="0"/>
      <line num="490" type="stmt" count="0"/>
      <line num="491" type="stmt" count="0"/>
      <line num="492" type="stmt" count="0"/>
      <line num="496" type="stmt" count="0"/>
      <line num="497" type="stmt" count="0"/>
      <line num="507" type="method" name="applyCoversAnnotationFilter" crap="56" count="0"/>
      <line num="509" type="stmt" count="0"/>
      <line num="510" type="stmt" count="0"/>
      <line num="511" type="stmt" count="0"/>
      <line num="513" type="stmt" count="0"/>
      <line num="516" type="stmt" count="0"/>
      <line num="517" type="stmt" count="0"/>
      <line num="520" type="stmt" count="0"/>
      <line num="521" type="stmt" count="0"/>
      <line num="528" type="stmt" count="0"/>
      <line num="530" type="stmt" count="0"/>
      <line num="531" type="stmt" count="0"/>
      <line num="533" type="stmt" count="0"/>
      <line num="534" type="stmt" count="0"/>
      <line num="538" type="stmt" count="0"/>
      <line num="545" type="method" name="applyListsFilter" crap="12" count="0"/>
      <line num="547" type="stmt" count="0"/>
      <line num="548" type="stmt" count="0"/>
      <line num="549" type="stmt" count="0"/>
      <line num="552" type="stmt" count="0"/>
      <line num="559" type="method" name="applyIgnoredLinesFilter" crap="20" count="0"/>
      <line num="561" type="stmt" count="0"/>
      <line num="562" type="stmt" count="0"/>
      <line num="563" type="stmt" count="0"/>
      <line num="566" type="stmt" count="0"/>
      <line num="567" type="stmt" count="0"/>
      <line num="570" type="stmt" count="0"/>
      <line num="576" type="method" name="initializeFilesThatAreSeenTheFirstTime" crap="42" count="0"/>
      <line num="578" type="stmt" count="0"/>
      <line num="579" type="stmt" count="0"/>
      <line num="580" type="stmt" count="0"/>
      <line num="582" type="stmt" count="0"/>
      <line num="583" type="stmt" count="0"/>
      <line num="587" type="stmt" count="0"/>
      <line num="592" type="method" name="addUncoveredFilesFromWhitelist" crap="30" count="0"/>
      <line num="594" type="stmt" count="0"/>
      <line num="595" type="stmt" count="0"/>
      <line num="596" type="stmt" count="0"/>
      <line num="597" type="stmt" count="0"/>
      <line num="600" type="stmt" count="0"/>
      <line num="601" type="stmt" count="0"/>
      <line num="602" type="stmt" count="0"/>
      <line num="605" type="stmt" count="0"/>
      <line num="606" type="stmt" count="0"/>
      <line num="612" type="stmt" count="0"/>
      <line num="614" type="stmt" count="0"/>
      <line num="616" type="stmt" count="0"/>
      <line num="617" type="stmt" count="0"/>
      <line num="622" type="stmt" count="0"/>
      <line num="623" type="stmt" count="0"/>
      <line num="630" type="method" name="processUncoveredFileFromWhitelist" crap="42" count="0"/>
      <line num="632" type="stmt" count="0"/>
      <line num="633" type="stmt" count="0"/>
      <line num="634" type="stmt" count="0"/>
      <line num="636" type="stmt" count="0"/>
      <line num="637" type="stmt" count="0"/>
      <line num="638" type="stmt" count="0"/>
      <line num="639" type="stmt" count="0"/>
      <line num="640" type="stmt" count="0"/>
      <line num="641" type="stmt" count="0"/>
      <line num="645" type="stmt" count="0"/>
      <line num="648" type="stmt" count="0"/>
      <line num="658" type="method" name="getLinesToBeIgnored" crap="2070" count="0"/>
      <line num="660" type="stmt" count="0"/>
      <line num="661" type="stmt" count="0"/>
      <line num="662" type="stmt" count="0"/>
      <line num="663" type="stmt" count="0"/>
      <line num="667" type="stmt" count="0"/>
      <line num="668" type="stmt" count="0"/>
      <line num="670" type="stmt" count="0"/>
      <line num="671" type="stmt" count="0"/>
      <line num="674" type="stmt" count="0"/>
      <line num="675" type="stmt" count="0"/>
      <line num="676" type="stmt" count="0"/>
      <line num="677" type="stmt" count="0"/>
      <line num="679" type="stmt" count="0"/>
      <line num="680" type="stmt" count="0"/>
      <line num="681" type="stmt" count="0"/>
      <line num="685" type="stmt" count="0"/>
      <line num="686" type="stmt" count="0"/>
      <line num="688" type="stmt" count="0"/>
      <line num="691" type="stmt" count="0"/>
      <line num="692" type="stmt" count="0"/>
      <line num="694" type="stmt" count="0"/>
      <line num="695" type="stmt" count="0"/>
      <line num="696" type="stmt" count="0"/>
      <line num="697" type="stmt" count="0"/>
      <line num="698" type="stmt" count="0"/>
      <line num="699" type="stmt" count="0"/>
      <line num="701" type="stmt" count="0"/>
      <line num="702" type="stmt" count="0"/>
      <line num="703" type="stmt" count="0"/>
      <line num="704" type="stmt" count="0"/>
      <line num="705" type="stmt" count="0"/>
      <line num="706" type="stmt" count="0"/>
      <line num="707" type="stmt" count="0"/>
      <line num="708" type="stmt" count="0"/>
      <line num="709" type="stmt" count="0"/>
      <line num="710" type="stmt" count="0"/>
      <line num="713" type="stmt" count="0"/>
      <line num="714" type="stmt" count="0"/>
      <line num="715" type="stmt" count="0"/>
      <line num="719" type="stmt" count="0"/>
      <line num="720" type="stmt" count="0"/>
      <line num="723" type="stmt" count="0"/>
      <line num="724" type="stmt" count="0"/>
      <line num="729" type="stmt" count="0"/>
      <line num="730" type="stmt" count="0"/>
      <line num="733" type="stmt" count="0"/>
      <line num="735" type="stmt" count="0"/>
      <line num="736" type="stmt" count="0"/>
      <line num="737" type="stmt" count="0"/>
      <line num="738" type="stmt" count="0"/>
      <line num="739" type="stmt" count="0"/>
      <line num="741" type="stmt" count="0"/>
      <line num="743" type="stmt" count="0"/>
      <line num="744" type="stmt" count="0"/>
      <line num="746" type="stmt" count="0"/>
      <line num="747" type="stmt" count="0"/>
      <line num="749" type="stmt" count="0"/>
      <line num="750" type="stmt" count="0"/>
      <line num="751" type="stmt" count="0"/>
      <line num="752" type="stmt" count="0"/>
      <line num="753" type="stmt" count="0"/>
      <line num="754" type="stmt" count="0"/>
      <line num="755" type="stmt" count="0"/>
      <line num="756" type="stmt" count="0"/>
      <line num="759" type="stmt" count="0"/>
      <line num="760" type="stmt" count="0"/>
      <line num="764" type="stmt" count="0"/>
      <line num="765" type="stmt" count="0"/>
      <line num="767" type="stmt" count="0"/>
      <line num="768" type="stmt" count="0"/>
      <line num="770" type="stmt" count="0"/>
      <line num="771" type="stmt" count="0"/>
      <line num="774" type="stmt" count="0"/>
      <line num="775" type="stmt" count="0"/>
      <line num="776" type="stmt" count="0"/>
      <line num="777" type="stmt" count="0"/>
      <line num="780" type="stmt" count="0"/>
      <line num="781" type="stmt" count="0"/>
      <line num="782" type="stmt" count="0"/>
      <line num="783" type="stmt" count="0"/>
      <line num="787" type="stmt" count="0"/>
      <line num="789" type="stmt" count="0"/>
      <line num="790" type="stmt" count="0"/>
      <line num="793" type="stmt" count="0"/>
      <line num="794" type="stmt" count="0"/>
      <line num="795" type="stmt" count="0"/>
      <line num="796" type="stmt" count="0"/>
      <line num="797" type="stmt" count="0"/>
      <line num="800" type="stmt" count="0"/>
      <line num="801" type="stmt" count="0"/>
      <line num="803" type="stmt" count="0"/>
      <line num="804" type="stmt" count="0"/>
      <line num="805" type="stmt" count="0"/>
      <line num="810" type="stmt" count="0"/>
      <line num="812" type="stmt" count="0"/>
      <line num="813" type="stmt" count="0"/>
      <line num="816" type="stmt" count="0"/>
      <line num="819" type="stmt" count="0"/>
      <line num="829" type="method" name="performUnintentionallyCoveredCodeCheck" crap="56" count="0"/>
      <line num="831" type="stmt" count="0"/>
      <line num="836" type="stmt" count="0"/>
      <line num="838" type="stmt" count="0"/>
      <line num="839" type="stmt" count="0"/>
      <line num="840" type="stmt" count="0"/>
      <line num="841" type="stmt" count="0"/>
      <line num="842" type="stmt" count="0"/>
      <line num="843" type="stmt" count="0"/>
      <line num="844" type="stmt" count="0"/>
      <line num="852" type="stmt" count="0"/>
      <line num="853" type="stmt" count="0"/>
      <line num="857" type="stmt" count="0"/>
      <line num="865" type="method" name="getAllowedLines" crap="42" count="0"/>
      <line num="867" type="stmt" count="0"/>
      <line num="869" type="stmt" count="0"/>
      <line num="870" type="stmt" count="0"/>
      <line num="871" type="stmt" count="0"/>
      <line num="874" type="stmt" count="0"/>
      <line num="875" type="stmt" count="0"/>
      <line num="876" type="stmt" count="0"/>
      <line num="880" type="stmt" count="0"/>
      <line num="881" type="stmt" count="0"/>
      <line num="882" type="stmt" count="0"/>
      <line num="885" type="stmt" count="0"/>
      <line num="886" type="stmt" count="0"/>
      <line num="887" type="stmt" count="0"/>
      <line num="891" type="stmt" count="0"/>
      <line num="892" type="stmt" count="0"/>
      <line num="893" type="stmt" count="0"/>
      <line num="897" type="stmt" count="0"/>
      <line num="904" type="method" name="selectDriver" crap="20" count="0"/>
      <line num="906" type="stmt" count="0"/>
      <line num="908" type="stmt" count="0"/>
      <line num="909" type="stmt" count="0"/>
      <line num="912" type="stmt" count="0"/>
      <line num="913" type="stmt" count="0"/>
      <line num="914" type="stmt" count="0"/>
      <line num="915" type="stmt" count="0"/>
      <line num="917" type="stmt" count="0"/>
      <metrics loc="920" ncloc="683" classes="1" methods="30" coveredmethods="0" conditionals="0" coveredconditionals="0" statements="333" coveredstatements="4" elements="363" coveredelements="4"/>
    </file>
    <file name="/home/chris/PhpstormProjects/CrocoPhp/vendor/phpunit/php-code-coverage/src/CodeCoverage/Driver/Xdebug.php">
      <class name="PHP_CodeCoverage_Driver_Xdebug" namespace="global" fullPackage="PHP.CodeCoverage.Driver">
        <metrics methods="0" coveredmethods="0" conditionals="0" coveredconditionals="0" statements="0" coveredstatements="0" elements="0" coveredelements="0"/>
      </class>
      <metrics loc="97" ncloc="62" classes="1" methods="0" coveredmethods="0" conditionals="0" coveredconditionals="0" statements="0" coveredstatements="0" elements="0" coveredelements="0"/>
    </file>
    <file name="/home/chris/PhpstormProjects/CrocoPhp/vendor/phpunit/php-code-coverage/src/CodeCoverage/Filter.php">
      <class name="PHP_CodeCoverage_Filter" namespace="global" fullPackage="PHP.CodeCoverage">
        <metrics methods="19" coveredmethods="0" conditionals="0" coveredconditionals="0" statements="63" coveredstatements="0" elements="82" coveredelements="0"/>
      </class>
      <line num="39" type="method" name="addDirectoryToBlacklist" crap="6" count="0"/>
      <line num="41" type="stmt" count="0"/>
      <line num="42" type="stmt" count="0"/>
      <line num="44" type="stmt" count="0"/>
      <line num="45" type="stmt" count="0"/>
      <line num="47" type="stmt" count="0"/>
      <line num="54" type="method" name="addFileToBlacklist" crap="2" count="0"/>
      <line num="56" type="stmt" count="0"/>
      <line num="57" type="stmt" count="0"/>
      <line num="64" type="method" name="addFilesToBlacklist" crap="6" count="0"/>
      <line num="66" type="stmt" count="0"/>
      <line num="67" type="stmt" count="0"/>
      <line num="69" type="stmt" count="0"/>
      <line num="78" type="method" name="removeDirectoryFromBlacklist" crap="6" count="0"/>
      <line num="80" type="stmt" count="0"/>
      <line num="81" type="stmt" count="0"/>
      <line num="83" type="stmt" count="0"/>
      <line num="84" type="stmt" count="0"/>
      <line num="86" type="stmt" count="0"/>
      <line num="93" type="method" name="removeFileFromBlacklist" crap="6" count="0"/>
      <line num="95" type="stmt" count="0"/>
      <line num="97" type="stmt" count="0"/>
      <line num="98" type="stmt" count="0"/>
      <line num="100" type="stmt" count="0"/>
      <line num="109" type="method" name="addDirectoryToWhitelist" crap="6" count="0"/>
      <line num="111" type="stmt" count="0"/>
      <line num="112" type="stmt" count="0"/>
      <line num="114" type="stmt" count="0"/>
      <line num="115" type="stmt" count="0"/>
      <line num="117" type="stmt" count="0"/>
      <line num="124" type="method" name="addFileToWhitelist" crap="2" count="0"/>
      <line num="126" type="stmt" count="0"/>
      <line num="127" type="stmt" count="0"/>
      <line num="134" type="method" name="addFilesToWhitelist" crap="6" count="0"/>
      <line num="136" type="stmt" count="0"/>
      <line num="137" type="stmt" count="0"/>
      <line num="139" type="stmt" count="0"/>
      <line num="148" type="method" name="removeDirectoryFromWhitelist" crap="6" count="0"/>
      <line num="150" type="stmt" count="0"/>
      <line num="151" type="stmt" count="0"/>
      <line num="153" type="stmt" count="0"/>
      <line num="154" type="stmt" count="0"/>
      <line num="156" type="stmt" count="0"/>
      <line num="163" type="method" name="removeFileFromWhitelist" crap="6" count="0"/>
      <line num="165" type="stmt" count="0"/>
      <line num="167" type="stmt" count="0"/>
      <line num="168" type="stmt" count="0"/>
      <line num="170" type="stmt" count="0"/>
      <line num="178" type="method" name="isFile" crap="90" count="0"/>
      <line num="180" type="stmt" count="0"/>
      <line num="181" type="stmt" count="0"/>
      <line num="182" type="stmt" count="0"/>
      <line num="183" type="stmt" count="0"/>
      <line num="184" type="stmt" count="0"/>
      <line num="185" type="stmt" count="0"/>
      <line num="186" type="stmt" count="0"/>
      <line num="187" type="stmt" count="0"/>
      <line num="188" type="stmt" count="0"/>
      <line num="191" type="stmt" count="0"/>
      <line num="204" type="method" name="isFiltered" crap="12" count="0"/>
      <line num="206" type="stmt" count="0"/>
      <line num="207" type="stmt" count="0"/>
      <line num="210" type="stmt" count="0"/>
      <line num="212" type="stmt" count="0"/>
      <line num="213" type="stmt" count="0"/>
      <line num="216" type="stmt" count="0"/>
      <line num="224" type="method" name="getBlacklist" crap="2" count="0"/>
      <line num="226" type="stmt" count="0"/>
      <line num="234" type="method" name="getWhitelist" crap="2" count="0"/>
      <line num="236" type="stmt" count="0"/>
      <line num="245" type="method" name="hasWhitelist" crap="2" count="0"/>
      <line num="247" type="stmt" count="0"/>
      <line num="256" type="method" name="getBlacklistedFiles" crap="2" count="0"/>
      <line num="258" type="stmt" count="0"/>
      <line num="267" type="method" name="setBlacklistedFiles" crap="2" count="0"/>
      <line num="269" type="stmt" count="0"/>
      <line num="270" type="stmt" count="0"/>
      <line num="278" type="method" name="getWhitelistedFiles" crap="2" count="0"/>
      <line num="280" type="stmt" count="0"/>
      <line num="289" type="method" name="setWhitelistedFiles" crap="2" count="0"/>
      <line num="291" type="stmt" count="0"/>
      <line num="292" type="stmt" count="0"/>
      <metrics loc="293" ncloc="156" classes="1" methods="19" coveredmethods="0" conditionals="0" coveredconditionals="0" statements="63" coveredstatements="0" elements="82" coveredelements="0"/>
    </file>
    <file name="/home/chris/PhpstormProjects/CrocoPhp/vendor/phpunit/php-file-iterator/File/Iterator.php">
      <class name="File_Iterator" namespace="global" fullPackage="File">
        <metrics methods="6" coveredmethods="0" conditionals="0" coveredconditionals="0" statements="39" coveredstatements="0" elements="45" coveredelements="0"/>
      </class>
      <line num="87" type="method" name="__construct" crap="20" count="0"/>
      <line num="89" type="stmt" count="0"/>
      <line num="91" type="stmt" count="0"/>
      <line num="92" type="stmt" count="0"/>
      <line num="95" type="stmt" count="0"/>
      <line num="96" type="stmt" count="0"/>
      <line num="98" type="stmt" count="0"/>
      <line num="99" type="stmt" count="0"/>
      <line num="103" type="stmt" count="0"/>
      <line num="104" type="stmt" count="0"/>
      <line num="105" type="stmt" count="0"/>
      <line num="106" type="stmt" count="0"/>
      <line num="108" type="stmt" count="0"/>
      <line num="109" type="stmt" count="0"/>
      <line num="114" type="method" name="accept" crap="30" count="0"/>
      <line num="116" type="stmt" count="0"/>
      <line num="117" type="stmt" count="0"/>
      <line num="118" type="stmt" count="0"/>
      <line num="120" type="stmt" count="0"/>
      <line num="121" type="stmt" count="0"/>
      <line num="125" type="stmt" count="0"/>
      <line num="126" type="stmt" count="0"/>
      <line num="129" type="stmt" count="0"/>
      <line num="130" type="stmt" count="0"/>
      <line num="131" type="stmt" count="0"/>
      <line num="139" type="method" name="acceptPath" crap="12" count="0"/>
      <line num="141" type="stmt" count="0"/>
      <line num="142" type="stmt" count="0"/>
      <line num="143" type="stmt" count="0"/>
      <line num="147" type="stmt" count="0"/>
      <line num="155" type="method" name="acceptPrefix" crap="2" count="0"/>
      <line num="157" type="stmt" count="0"/>
      <line num="165" type="method" name="acceptSuffix" crap="2" count="0"/>
      <line num="167" type="stmt" count="0"/>
      <line num="177" type="method" name="acceptSubString" crap="56" count="0"/>
      <line num="179" type="stmt" count="0"/>
      <line num="180" type="stmt" count="0"/>
      <line num="183" type="stmt" count="0"/>
      <line num="185" type="stmt" count="0"/>
      <line num="186" type="stmt" count="0"/>
      <line num="187" type="stmt" count="0"/>
      <line num="188" type="stmt" count="0"/>
      <line num="189" type="stmt" count="0"/>
      <line num="190" type="stmt" count="0"/>
      <line num="194" type="stmt" count="0"/>
      <metrics loc="196" ncloc="98" classes="1" methods="6" coveredmethods="0" conditionals="0" coveredconditionals="0" statements="39" coveredstatements="0" elements="45" coveredelements="0"/>
    </file>
    <file name="/home/chris/PhpstormProjects/CrocoPhp/vendor/phpunit/php-file-iterator/File/Iterator/Facade.php">
      <class name="File_Iterator_Facade" namespace="global" fullPackage="File.Iterator">
        <metrics methods="2" coveredmethods="0" conditionals="0" coveredconditionals="0" statements="43" coveredstatements="0" elements="45" coveredelements="0"/>
      </class>
      <line num="67" type="method" name="getFilesAsArray" crap="56" count="0"/>
      <line num="69" type="stmt" count="0"/>
      <line num="70" type="stmt" count="0"/>
      <line num="73" type="stmt" count="0"/>
      <line num="74" type="stmt" count="0"/>
      <line num="78" type="stmt" count="0"/>
      <line num="80" type="stmt" count="0"/>
      <line num="81" type="stmt" count="0"/>
      <line num="83" type="stmt" count="0"/>
      <line num="84" type="stmt" count="0"/>
      <line num="88" type="stmt" count="0"/>
      <line num="89" type="stmt" count="0"/>
      <line num="90" type="stmt" count="0"/>
      <line num="94" type="stmt" count="0"/>
      <line num="95" type="stmt" count="0"/>
      <line num="97" type="stmt" count="0"/>
      <line num="99" type="stmt" count="0"/>
      <line num="100" type="stmt" count="0"/>
      <line num="103" type="stmt" count="0"/>
      <line num="113" type="method" name="getCommonPath" crap="110" count="0"/>
      <line num="115" type="stmt" count="0"/>
      <line num="117" type="stmt" count="0"/>
      <line num="118" type="stmt" count="0"/>
      <line num="121" type="stmt" count="0"/>
      <line num="122" type="stmt" count="0"/>
      <line num="125" type="stmt" count="0"/>
      <line num="127" type="stmt" count="0"/>
      <line num="128" type="stmt" count="0"/>
      <line num="130" type="stmt" count="0"/>
      <line num="131" type="stmt" count="0"/>
      <line num="135" type="stmt" count="0"/>
      <line num="136" type="stmt" count="0"/>
      <line num="137" type="stmt" count="0"/>
      <line num="138" type="stmt" count="0"/>
      <line num="140" type="stmt" count="0"/>
      <line num="141" type="stmt" count="0"/>
      <line num="142" type="stmt" count="0"/>
      <line num="143" type="stmt" count="0"/>
      <line num="144" type="stmt" count="0"/>
      <line num="148" type="stmt" count="0"/>
      <line num="149" type="stmt" count="0"/>
      <line num="151" type="stmt" count="0"/>
      <line num="152" type="stmt" count="0"/>
      <line num="156" type="stmt" count="0"/>
      <line num="159" type="stmt" count="0"/>
      <metrics loc="161" ncloc="93" classes="1" methods="2" coveredmethods="0" conditionals="0" coveredconditionals="0" statements="43" coveredstatements="0" elements="45" coveredelements="0"/>
    </file>
    <file name="/home/chris/PhpstormProjects/CrocoPhp/vendor/phpunit/php-file-iterator/File/Iterator/Factory.php">
      <class name="File_Iterator_Factory" namespace="global" fullPackage="File.Iterator">
        <metrics methods="1" coveredmethods="0" conditionals="0" coveredconditionals="0" statements="25" coveredstatements="0" elements="26" coveredelements="0"/>
      </class>
      <line num="65" type="method" name="getFileIterator" crap="110" count="0"/>
      <line num="67" type="stmt" count="0"/>
      <line num="68" type="stmt" count="0"/>
      <line num="71" type="stmt" count="0"/>
      <line num="73" type="stmt" count="0"/>
      <line num="74" type="stmt" count="0"/>
      <line num="75" type="stmt" count="0"/>
      <line num="77" type="stmt" count="0"/>
      <line num="81" type="stmt" count="0"/>
      <line num="82" type="stmt" count="0"/>
      <line num="84" type="stmt" count="0"/>
      <line num="85" type="stmt" count="0"/>
      <line num="86" type="stmt" count="0"/>
      <line num="88" type="stmt" count="0"/>
      <line num="92" type="stmt" count="0"/>
      <line num="93" type="stmt" count="0"/>
      <line num="94" type="stmt" count="0"/>
      <line num="96" type="stmt" count="0"/>
      <line num="100" type="stmt" count="0"/>
      <line num="102" type="stmt" count="0"/>
      <line num="103" type="stmt" count="0"/>
      <line num="104" type="stmt" count="0"/>
      <line num="105" type="stmt" count="0"/>
      <line num="106" type="stmt" count="0"/>
      <line num="107" type="stmt" count="0"/>
      <line num="118" type="stmt" count="0"/>
      <metrics loc="120" ncloc="60" classes="1" methods="1" coveredmethods="0" conditionals="0" coveredconditionals="0" statements="25" coveredstatements="0" elements="26" coveredelements="0"/>
    </file>
    <file name="/home/chris/PhpstormProjects/CrocoPhp/vendor/phpunit/php-text-template/src/Template.php">
      <class name="Text_Template" namespace="global" fullPackage="Text">
        <metrics methods="5" coveredmethods="2" conditionals="0" coveredconditionals="0" statements="30" coveredstatements="16" elements="35" coveredelements="18"/>
      </class>
      <line num="44" type="method" name="__construct" crap="1" count="1"/>
      <line num="46" type="stmt" count="1"/>
      <line num="47" type="stmt" count="1"/>
      <line num="48" type="stmt" count="1"/>
      <line num="49" type="stmt" count="1"/>
      <line num="57" type="method" name="setFile" crap="3.47" count="1"/>
      <line num="59" type="stmt" count="1"/>
      <line num="61" type="stmt" count="1"/>
      <line num="62" type="stmt" count="0"/>
      <line num="65" type="stmt" count="1"/>
      <line num="66" type="stmt" count="1"/>
      <line num="70" type="stmt" count="0"/>
      <line num="71" type="stmt" count="0"/>
      <line num="74" type="stmt" count="1"/>
      <line num="82" type="method" name="setVar" crap="3.14" count="1"/>
      <line num="84" type="stmt" count="1"/>
      <line num="85" type="stmt" count="1"/>
      <line num="87" type="stmt" count="0"/>
      <line num="89" type="stmt" count="1"/>
      <line num="96" type="method" name="render" crap="2" count="1"/>
      <line num="98" type="stmt" count="1"/>
      <line num="100" type="stmt" count="1"/>
      <line num="101" type="stmt" count="1"/>
      <line num="104" type="stmt" count="1"/>
      <line num="112" type="method" name="renderTo" crap="6" count="0"/>
      <line num="114" type="stmt" count="0"/>
      <line num="116" type="stmt" count="0"/>
      <line num="117" type="stmt" count="0"/>
      <line num="118" type="stmt" count="0"/>
      <line num="120" type="stmt" count="0"/>
      <line num="122" type="stmt" count="0"/>
      <line num="124" type="stmt" count="0"/>
      <line num="127" type="stmt" count="0"/>
      <line num="128" type="stmt" count="0"/>
      <line num="133" type="stmt" count="0"/>
      <metrics loc="135" ncloc="82" classes="1" methods="5" coveredmethods="2" conditionals="0" coveredconditionals="0" statements="30" coveredstatements="16" elements="35" coveredelements="18"/>
    </file>
    <file name="/home/chris/PhpstormProjects/CrocoPhp/vendor/phpunit/php-timer/src/Timer.php">
      <class name="PHP_Timer" namespace="global" fullPackage="PHP">
        <metrics methods="5" coveredmethods="2" conditionals="0" coveredconditionals="0" statements="14" coveredstatements="3" elements="19" coveredelements="5"/>
      </class>
      <line num="40" type="method" name="start" crap="1" count="14"/>
      <line num="42" type="stmt" count="14"/>
      <line num="43" type="stmt" count="14"/>
      <line num="50" type="method" name="stop" crap="1" count="14"/>
      <line num="52" type="stmt" count="14"/>
      <line num="61" type="method" name="secondsToTimeString" crap="20" count="0"/>
      <line num="63" type="stmt" count="0"/>
      <line num="65" type="stmt" count="0"/>
      <line num="66" type="stmt" count="0"/>
      <line num="67" type="stmt" count="0"/>
      <line num="69" type="stmt" count="0"/>
      <line num="73" type="stmt" count="0"/>
      <line num="81" type="method" name="timeSinceStartOfRequest" crap="2" count="0"/>
      <line num="83" type="stmt" count="0"/>
      <line num="91" type="method" name="resourceUsage" crap="2" count="0"/>
      <line num="93" type="stmt" count="0"/>
      <line num="94" type="stmt" count="0"/>
      <line num="95" type="stmt" count="0"/>
      <line num="96" type="stmt" count="0"/>
      <line num="101" type="stmt" count="1"/>
      <line num="102" type="stmt" count="1"/>
      <line num="103" type="stmt" count="0"/>
      <line num="104" type="stmt" count="0"/>
      <line num="106" type="stmt" count="1"/>
      <metrics loc="107" ncloc="61" classes="1" methods="5" coveredmethods="2" conditionals="0" coveredconditionals="0" statements="19" coveredstatements="6" elements="24" coveredelements="8"/>
    </file>
    <file name="/home/chris/PhpstormProjects/CrocoPhp/vendor/phpunit/php-token-stream/src/Token.php">
      <class name="PHP_Token" namespace="global" fullPackage="PHP">
        <metrics methods="3" coveredmethods="0" conditionals="0" coveredconditionals="0" statements="7" coveredstatements="0" elements="10" coveredelements="0"/>
      </class>
      <class name="PHP_TokenWithScope" namespace="global" fullPackage="PHP">
        <metrics methods="3" coveredmethods="0" conditionals="0" coveredconditionals="0" statements="41" coveredstatements="0" elements="44" coveredelements="0"/>
      </class>
      <class name="PHP_TokenWithScopeAndVisibility" namespace="global" fullPackage="PHP">
        <metrics methods="2" coveredmethods="0" conditionals="0" coveredconditionals="0" statements="29" coveredstatements="0" elements="31" coveredelements="0"/>
      </class>
      <class name="PHP_Token_Includes" namespace="global" fullPackage="PHP.Token">
        <metrics methods="3" coveredmethods="0" conditionals="0" coveredconditionals="0" statements="12" coveredstatements="0" elements="15" coveredelements="0"/>
      </class>
      <class name="PHP_Token_FUNCTION" namespace="global" fullPackage="PHP.Token">
        <metrics methods="4" coveredmethods="0" conditionals="0" coveredconditionals="0" statements="74" coveredstatements="0" elements="78" coveredelements="0"/>
      </class>
      <class name="PHP_Token_INTERFACE" namespace="global" fullPackage="PHP.Token">
        <metrics methods="7" coveredmethods="0" conditionals="0" coveredconditionals="0" statements="53" coveredstatements="0" elements="60" coveredelements="0"/>
      </class>
      <class name="PHP_Token_ABSTRACT" namespace="global" fullPackage="PHP.Token">
        <metrics methods="0" coveredmethods="0" conditionals="0" coveredconditionals="0" statements="0" coveredstatements="0" elements="0" coveredelements="0"/>
      </class>
      <class name="PHP_Token_AMPERSAND" namespace="global" fullPackage="PHP.Token">
        <metrics methods="0" coveredmethods="0" conditionals="0" coveredconditionals="0" statements="0" coveredstatements="0" elements="0" coveredelements="0"/>
      </class>
      <class name="PHP_Token_AND_EQUAL" namespace="global" fullPackage="PHP.Token.AND">
        <metrics methods="0" coveredmethods="0" conditionals="0" coveredconditionals="0" statements="0" coveredstatements="0" elements="0" coveredelements="0"/>
      </class>
      <class name="PHP_Token_ARRAY" namespace="global" fullPackage="PHP.Token">
        <metrics methods="0" coveredmethods="0" conditionals="0" coveredconditionals="0" statements="0" coveredstatements="0" elements="0" coveredelements="0"/>
      </class>
      <class name="PHP_Token_ARRAY_CAST" namespace="global" fullPackage="PHP.Token.ARRAY">
        <metrics methods="0" coveredmethods="0" conditionals="0" coveredconditionals="0" statements="0" coveredstatements="0" elements="0" coveredelements="0"/>
      </class>
      <class name="PHP_Token_AS" namespace="global" fullPackage="PHP.Token">
        <metrics methods="0" coveredmethods="0" conditionals="0" coveredconditionals="0" statements="0" coveredstatements="0" elements="0" coveredelements="0"/>
      </class>
      <class name="PHP_Token_AT" namespace="global" fullPackage="PHP.Token">
        <metrics methods="0" coveredmethods="0" conditionals="0" coveredconditionals="0" statements="0" coveredstatements="0" elements="0" coveredelements="0"/>
      </class>
      <class name="PHP_Token_BACKTICK" namespace="global" fullPackage="PHP.Token">
        <metrics methods="0" coveredmethods="0" conditionals="0" coveredconditionals="0" statements="0" coveredstatements="0" elements="0" coveredelements="0"/>
      </class>
      <class name="PHP_Token_BAD_CHARACTER" namespace="global" fullPackage="PHP.Token.BAD">
        <metrics methods="0" coveredmethods="0" conditionals="0" coveredconditionals="0" statements="0" coveredstatements="0" elements="0" coveredelements="0"/>
      </class>
      <class name="PHP_Token_BOOLEAN_AND" namespace="global" fullPackage="PHP.Token.BOOLEAN">
        <metrics methods="0" coveredmethods="0" conditionals="0" coveredconditionals="0" statements="0" coveredstatements="0" elements="0" coveredelements="0"/>
      </class>
      <class name="PHP_Token_BOOLEAN_OR" namespace="global" fullPackage="PHP.Token.BOOLEAN">
        <metrics methods="0" coveredmethods="0" conditionals="0" coveredconditionals="0" statements="0" coveredstatements="0" elements="0" coveredelements="0"/>
      </class>
      <class name="PHP_Token_BOOL_CAST" namespace="global" fullPackage="PHP.Token.BOOL">
        <metrics methods="0" coveredmethods="0" conditionals="0" coveredconditionals="0" statements="0" coveredstatements="0" elements="0" coveredelements="0"/>
      </class>
      <class name="PHP_Token_BREAK" namespace="global" fullPackage="PHP.Token">
        <metrics methods="0" coveredmethods="0" conditionals="0" coveredconditionals="0" statements="0" coveredstatements="0" elements="0" coveredelements="0"/>
      </class>
      <class name="PHP_Token_CARET" namespace="global" fullPackage="PHP.Token">
        <metrics methods="0" coveredmethods="0" conditionals="0" coveredconditionals="0" statements="0" coveredstatements="0" elements="0" coveredelements="0"/>
      </class>
      <class name="PHP_Token_CASE" namespace="global" fullPackage="PHP.Token">
        <metrics methods="0" coveredmethods="0" conditionals="0" coveredconditionals="0" statements="0" coveredstatements="0" elements="0" coveredelements="0"/>
      </class>
      <class name="PHP_Token_CATCH" namespace="global" fullPackage="PHP.Token">
        <metrics methods="0" coveredmethods="0" conditionals="0" coveredconditionals="0" statements="0" coveredstatements="0" elements="0" coveredelements="0"/>
      </class>
      <class name="PHP_Token_CHARACTER" namespace="global" fullPackage="PHP.Token">
        <metrics methods="0" coveredmethods="0" conditionals="0" coveredconditionals="0" statements="0" coveredstatements="0" elements="0" coveredelements="0"/>
      </class>
      <class name="PHP_Token_CLASS" namespace="global" fullPackage="PHP.Token">
        <metrics methods="1" coveredmethods="0" conditionals="0" coveredconditionals="0" statements="10" coveredstatements="0" elements="11" coveredelements="0"/>
      </class>
      <class name="PHP_Token_CLASS_C" namespace="global" fullPackage="PHP.Token.CLASS">
        <metrics methods="0" coveredmethods="0" conditionals="0" coveredconditionals="0" statements="0" coveredstatements="0" elements="0" coveredelements="0"/>
      </class>
      <class name="PHP_Token_CLASS_NAME_CONSTANT" namespace="global" fullPackage="PHP.Token.CLASS.NAME">
        <metrics methods="0" coveredmethods="0" conditionals="0" coveredconditionals="0" statements="0" coveredstatements="0" elements="0" coveredelements="0"/>
      </class>
      <class name="PHP_Token_CLONE" namespace="global" fullPackage="PHP.Token">
        <metrics methods="0" coveredmethods="0" conditionals="0" coveredconditionals="0" statements="0" coveredstatements="0" elements="0" coveredelements="0"/>
      </class>
      <class name="PHP_Token_CLOSE_BRACKET" namespace="global" fullPackage="PHP.Token.CLOSE">
        <metrics methods="0" coveredmethods="0" conditionals="0" coveredconditionals="0" statements="0" coveredstatements="0" elements="0" coveredelements="0"/>
      </class>
      <class name="PHP_Token_CLOSE_CURLY" namespace="global" fullPackage="PHP.Token.CLOSE">
        <metrics methods="0" coveredmethods="0" conditionals="0" coveredconditionals="0" statements="0" coveredstatements="0" elements="0" coveredelements="0"/>
      </class>
      <class name="PHP_Token_CLOSE_SQUARE" namespace="global" fullPackage="PHP.Token.CLOSE">
        <metrics methods="0" coveredmethods="0" conditionals="0" coveredconditionals="0" statements="0" coveredstatements="0" elements="0" coveredelements="0"/>
      </class>
      <class name="PHP_Token_CLOSE_TAG" namespace="global" fullPackage="PHP.Token.CLOSE">
        <metrics methods="0" coveredmethods="0" conditionals="0" coveredconditionals="0" statements="0" coveredstatements="0" elements="0" coveredelements="0"/>
      </class>
      <class name="PHP_Token_COLON" namespace="global" fullPackage="PHP.Token">
        <metrics methods="0" coveredmethods="0" conditionals="0" coveredconditionals="0" statements="0" coveredstatements="0" elements="0" coveredelements="0"/>
      </class>
      <class name="PHP_Token_COMMA" namespace="global" fullPackage="PHP.Token">
        <metrics methods="0" coveredmethods="0" conditionals="0" coveredconditionals="0" statements="0" coveredstatements="0" elements="0" coveredelements="0"/>
      </class>
      <class name="PHP_Token_COMMENT" namespace="global" fullPackage="PHP.Token">
        <metrics methods="0" coveredmethods="0" conditionals="0" coveredconditionals="0" statements="0" coveredstatements="0" elements="0" coveredelements="0"/>
      </class>
      <class name="PHP_Token_CONCAT_EQUAL" namespace="global" fullPackage="PHP.Token.CONCAT">
        <metrics methods="0" coveredmethods="0" conditionals="0" coveredconditionals="0" statements="0" coveredstatements="0" elements="0" coveredelements="0"/>
      </class>
      <class name="PHP_Token_CONST" namespace="global" fullPackage="PHP.Token">
        <metrics methods="0" coveredmethods="0" conditionals="0" coveredconditionals="0" statements="0" coveredstatements="0" elements="0" coveredelements="0"/>
      </class>
      <class name="PHP_Token_CONSTANT_ENCAPSED_STRING" namespace="global" fullPackage="PHP.Token.CONSTANT.ENCAPSED">
        <metrics methods="0" coveredmethods="0" conditionals="0" coveredconditionals="0" statements="0" coveredstatements="0" elements="0" coveredelements="0"/>
      </class>
      <class name="PHP_Token_CONTINUE" namespace="global" fullPackage="PHP.Token">
        <metrics methods="0" coveredmethods="0" conditionals="0" coveredconditionals="0" statements="0" coveredstatements="0" elements="0" coveredelements="0"/>
      </class>
      <class name="PHP_Token_CURLY_OPEN" namespace="global" fullPackage="PHP.Token.CURLY">
        <metrics methods="0" coveredmethods="0" conditionals="0" coveredconditionals="0" statements="0" coveredstatements="0" elements="0" coveredelements="0"/>
      </class>
      <class name="PHP_Token_DEC" namespace="global" fullPackage="PHP.Token">
        <metrics methods="0" coveredmethods="0" conditionals="0" coveredconditionals="0" statements="0" coveredstatements="0" elements="0" coveredelements="0"/>
      </class>
      <class name="PHP_Token_DECLARE" namespace="global" fullPackage="PHP.Token">
        <metrics methods="0" coveredmethods="0" conditionals="0" coveredconditionals="0" statements="0" coveredstatements="0" elements="0" coveredelements="0"/>
      </class>
      <class name="PHP_Token_DEFAULT" namespace="global" fullPackage="PHP.Token">
        <metrics methods="0" coveredmethods="0" conditionals="0" coveredconditionals="0" statements="0" coveredstatements="0" elements="0" coveredelements="0"/>
      </class>
      <class name="PHP_Token_DIV" namespace="global" fullPackage="PHP.Token">
        <metrics methods="0" coveredmethods="0" conditionals="0" coveredconditionals="0" statements="0" coveredstatements="0" elements="0" coveredelements="0"/>
      </class>
      <class name="PHP_Token_DIV_EQUAL" namespace="global" fullPackage="PHP.Token.DIV">
        <metrics methods="0" coveredmethods="0" conditionals="0" coveredconditionals="0" statements="0" coveredstatements="0" elements="0" coveredelements="0"/>
      </class>
      <class name="PHP_Token_DNUMBER" namespace="global" fullPackage="PHP.Token">
        <metrics methods="0" coveredmethods="0" conditionals="0" coveredconditionals="0" statements="0" coveredstatements="0" elements="0" coveredelements="0"/>
      </class>
      <class name="PHP_Token_DO" namespace="global" fullPackage="PHP.Token">
        <metrics methods="0" coveredmethods="0" conditionals="0" coveredconditionals="0" statements="0" coveredstatements="0" elements="0" coveredelements="0"/>
      </class>
      <class name="PHP_Token_DOC_COMMENT" namespace="global" fullPackage="PHP.Token.DOC">
        <metrics methods="0" coveredmethods="0" conditionals="0" coveredconditionals="0" statements="0" coveredstatements="0" elements="0" coveredelements="0"/>
      </class>
      <class name="PHP_Token_DOLLAR" namespace="global" fullPackage="PHP.Token">
        <metrics methods="0" coveredmethods="0" conditionals="0" coveredconditionals="0" statements="0" coveredstatements="0" elements="0" coveredelements="0"/>
      </class>
      <class name="PHP_Token_DOLLAR_OPEN_CURLY_BRACES" namespace="global" fullPackage="PHP.Token.DOLLAR.OPEN.CURLY">
        <metrics methods="0" coveredmethods="0" conditionals="0" coveredconditionals="0" statements="0" coveredstatements="0" elements="0" coveredelements="0"/>
      </class>
      <class name="PHP_Token_DOT" namespace="global" fullPackage="PHP.Token">
        <metrics methods="0" coveredmethods="0" conditionals="0" coveredconditionals="0" statements="0" coveredstatements="0" elements="0" coveredelements="0"/>
      </class>
      <class name="PHP_Token_DOUBLE_ARROW" namespace="global" fullPackage="PHP.Token.DOUBLE">
        <metrics methods="0" coveredmethods="0" conditionals="0" coveredconditionals="0" statements="0" coveredstatements="0" elements="0" coveredelements="0"/>
      </class>
      <class name="PHP_Token_DOUBLE_CAST" namespace="global" fullPackage="PHP.Token.DOUBLE">
        <metrics methods="0" coveredmethods="0" conditionals="0" coveredconditionals="0" statements="0" coveredstatements="0" elements="0" coveredelements="0"/>
      </class>
      <class name="PHP_Token_DOUBLE_COLON" namespace="global" fullPackage="PHP.Token.DOUBLE">
        <metrics methods="0" coveredmethods="0" conditionals="0" coveredconditionals="0" statements="0" coveredstatements="0" elements="0" coveredelements="0"/>
      </class>
      <class name="PHP_Token_DOUBLE_QUOTES" namespace="global" fullPackage="PHP.Token.DOUBLE">
        <metrics methods="0" coveredmethods="0" conditionals="0" coveredconditionals="0" statements="0" coveredstatements="0" elements="0" coveredelements="0"/>
      </class>
      <class name="PHP_Token_ECHO" namespace="global" fullPackage="PHP.Token">
        <metrics methods="0" coveredmethods="0" conditionals="0" coveredconditionals="0" statements="0" coveredstatements="0" elements="0" coveredelements="0"/>
      </class>
      <class name="PHP_Token_ELSE" namespace="global" fullPackage="PHP.Token">
        <metrics methods="0" coveredmethods="0" conditionals="0" coveredconditionals="0" statements="0" coveredstatements="0" elements="0" coveredelements="0"/>
      </class>
      <class name="PHP_Token_ELSEIF" namespace="global" fullPackage="PHP.Token">
        <metrics methods="0" coveredmethods="0" conditionals="0" coveredconditionals="0" statements="0" coveredstatements="0" elements="0" coveredelements="0"/>
      </class>
      <class name="PHP_Token_EMPTY" namespace="global" fullPackage="PHP.Token">
        <metrics methods="0" coveredmethods="0" conditionals="0" coveredconditionals="0" statements="0" coveredstatements="0" elements="0" coveredelements="0"/>
      </class>
      <class name="PHP_Token_ENCAPSED_AND_WHITESPACE" namespace="global" fullPackage="PHP.Token.ENCAPSED.AND">
        <metrics methods="0" coveredmethods="0" conditionals="0" coveredconditionals="0" statements="0" coveredstatements="0" elements="0" coveredelements="0"/>
      </class>
      <class name="PHP_Token_ENDDECLARE" namespace="global" fullPackage="PHP.Token">
        <metrics methods="0" coveredmethods="0" conditionals="0" coveredconditionals="0" statements="0" coveredstatements="0" elements="0" coveredelements="0"/>
      </class>
      <class name="PHP_Token_ENDFOR" namespace="global" fullPackage="PHP.Token">
        <metrics methods="0" coveredmethods="0" conditionals="0" coveredconditionals="0" statements="0" coveredstatements="0" elements="0" coveredelements="0"/>
      </class>
      <class name="PHP_Token_ENDFOREACH" namespace="global" fullPackage="PHP.Token">
        <metrics methods="0" coveredmethods="0" conditionals="0" coveredconditionals="0" statements="0" coveredstatements="0" elements="0" coveredelements="0"/>
      </class>
      <class name="PHP_Token_ENDIF" namespace="global" fullPackage="PHP.Token">
        <metrics methods="0" coveredmethods="0" conditionals="0" coveredconditionals="0" statements="0" coveredstatements="0" elements="0" coveredelements="0"/>
      </class>
      <class name="PHP_Token_ENDSWITCH" namespace="global" fullPackage="PHP.Token">
        <metrics methods="0" coveredmethods="0" conditionals="0" coveredconditionals="0" statements="0" coveredstatements="0" elements="0" coveredelements="0"/>
      </class>
      <class name="PHP_Token_ENDWHILE" namespace="global" fullPackage="PHP.Token">
        <metrics methods="0" coveredmethods="0" conditionals="0" coveredconditionals="0" statements="0" coveredstatements="0" elements="0" coveredelements="0"/>
      </class>
      <class name="PHP_Token_END_HEREDOC" namespace="global" fullPackage="PHP.Token.END">
        <metrics methods="0" coveredmethods="0" conditionals="0" coveredconditionals="0" statements="0" coveredstatements="0" elements="0" coveredelements="0"/>
      </class>
      <class name="PHP_Token_EQUAL" namespace="global" fullPackage="PHP.Token">
        <metrics methods="0" coveredmethods="0" conditionals="0" coveredconditionals="0" statements="0" coveredstatements="0" elements="0" coveredelements="0"/>
      </class>
      <class name="PHP_Token_EVAL" namespace="global" fullPackage="PHP.Token">
        <metrics methods="0" coveredmethods="0" conditionals="0" coveredconditionals="0" statements="0" coveredstatements="0" elements="0" coveredelements="0"/>
      </class>
      <class name="PHP_Token_EXCLAMATION_MARK" namespace="global" fullPackage="PHP.Token.EXCLAMATION">
        <metrics methods="0" coveredmethods="0" conditionals="0" coveredconditionals="0" statements="0" coveredstatements="0" elements="0" coveredelements="0"/>
      </class>
      <class name="PHP_Token_EXIT" namespace="global" fullPackage="PHP.Token">
        <metrics methods="0" coveredmethods="0" conditionals="0" coveredconditionals="0" statements="0" coveredstatements="0" elements="0" coveredelements="0"/>
      </class>
      <class name="PHP_Token_EXTENDS" namespace="global" fullPackage="PHP.Token">
        <metrics methods="0" coveredmethods="0" conditionals="0" coveredconditionals="0" statements="0" coveredstatements="0" elements="0" coveredelements="0"/>
      </class>
      <class name="PHP_Token_FILE" namespace="global" fullPackage="PHP.Token">
        <metrics methods="0" coveredmethods="0" conditionals="0" coveredconditionals="0" statements="0" coveredstatements="0" elements="0" coveredelements="0"/>
      </class>
      <class name="PHP_Token_FINAL" namespace="global" fullPackage="PHP.Token">
        <metrics methods="0" coveredmethods="0" conditionals="0" coveredconditionals="0" statements="0" coveredstatements="0" elements="0" coveredelements="0"/>
      </class>
      <class name="PHP_Token_FOR" namespace="global" fullPackage="PHP.Token">
        <metrics methods="0" coveredmethods="0" conditionals="0" coveredconditionals="0" statements="0" coveredstatements="0" elements="0" coveredelements="0"/>
      </class>
      <class name="PHP_Token_FOREACH" namespace="global" fullPackage="PHP.Token">
        <metrics methods="0" coveredmethods="0" conditionals="0" coveredconditionals="0" statements="0" coveredstatements="0" elements="0" coveredelements="0"/>
      </class>
      <class name="PHP_Token_FUNC_C" namespace="global" fullPackage="PHP.Token.FUNC">
        <metrics methods="0" coveredmethods="0" conditionals="0" coveredconditionals="0" statements="0" coveredstatements="0" elements="0" coveredelements="0"/>
      </class>
      <class name="PHP_Token_GLOBAL" namespace="global" fullPackage="PHP.Token">
        <metrics methods="0" coveredmethods="0" conditionals="0" coveredconditionals="0" statements="0" coveredstatements="0" elements="0" coveredelements="0"/>
      </class>
      <class name="PHP_Token_GT" namespace="global" fullPackage="PHP.Token">
        <metrics methods="0" coveredmethods="0" conditionals="0" coveredconditionals="0" statements="0" coveredstatements="0" elements="0" coveredelements="0"/>
      </class>
      <class name="PHP_Token_IF" namespace="global" fullPackage="PHP.Token">
        <metrics methods="0" coveredmethods="0" conditionals="0" coveredconditionals="0" statements="0" coveredstatements="0" elements="0" coveredelements="0"/>
      </class>
      <class name="PHP_Token_IMPLEMENTS" namespace="global" fullPackage="PHP.Token">
        <metrics methods="0" coveredmethods="0" conditionals="0" coveredconditionals="0" statements="0" coveredstatements="0" elements="0" coveredelements="0"/>
      </class>
      <class name="PHP_Token_INC" namespace="global" fullPackage="PHP.Token">
        <metrics methods="0" coveredmethods="0" conditionals="0" coveredconditionals="0" statements="0" coveredstatements="0" elements="0" coveredelements="0"/>
      </class>
      <class name="PHP_Token_INCLUDE" namespace="global" fullPackage="PHP.Token">
        <metrics methods="0" coveredmethods="0" conditionals="0" coveredconditionals="0" statements="0" coveredstatements="0" elements="0" coveredelements="0"/>
      </class>
      <class name="PHP_Token_INCLUDE_ONCE" namespace="global" fullPackage="PHP.Token.INCLUDE">
        <metrics methods="0" coveredmethods="0" conditionals="0" coveredconditionals="0" statements="0" coveredstatements="0" elements="0" coveredelements="0"/>
      </class>
      <class name="PHP_Token_INLINE_HTML" namespace="global" fullPackage="PHP.Token.INLINE">
        <metrics methods="0" coveredmethods="0" conditionals="0" coveredconditionals="0" statements="0" coveredstatements="0" elements="0" coveredelements="0"/>
      </class>
      <class name="PHP_Token_INSTANCEOF" namespace="global" fullPackage="PHP.Token">
        <metrics methods="0" coveredmethods="0" conditionals="0" coveredconditionals="0" statements="0" coveredstatements="0" elements="0" coveredelements="0"/>
      </class>
      <class name="PHP_Token_INT_CAST" namespace="global" fullPackage="PHP.Token.INT">
        <metrics methods="0" coveredmethods="0" conditionals="0" coveredconditionals="0" statements="0" coveredstatements="0" elements="0" coveredelements="0"/>
      </class>
      <class name="PHP_Token_ISSET" namespace="global" fullPackage="PHP.Token">
        <metrics methods="0" coveredmethods="0" conditionals="0" coveredconditionals="0" statements="0" coveredstatements="0" elements="0" coveredelements="0"/>
      </class>
      <class name="PHP_Token_IS_EQUAL" namespace="global" fullPackage="PHP.Token.IS">
        <metrics methods="0" coveredmethods="0" conditionals="0" coveredconditionals="0" statements="0" coveredstatements="0" elements="0" coveredelements="0"/>
      </class>
      <class name="PHP_Token_IS_GREATER_OR_EQUAL" namespace="global" fullPackage="PHP.Token.IS.GREATER.OR">
        <metrics methods="0" coveredmethods="0" conditionals="0" coveredconditionals="0" statements="0" coveredstatements="0" elements="0" coveredelements="0"/>
      </class>
      <class name="PHP_Token_IS_IDENTICAL" namespace="global" fullPackage="PHP.Token.IS">
        <metrics methods="0" coveredmethods="0" conditionals="0" coveredconditionals="0" statements="0" coveredstatements="0" elements="0" coveredelements="0"/>
      </class>
      <class name="PHP_Token_IS_NOT_EQUAL" namespace="global" fullPackage="PHP.Token.IS.NOT">
        <metrics methods="0" coveredmethods="0" conditionals="0" coveredconditionals="0" statements="0" coveredstatements="0" elements="0" coveredelements="0"/>
      </class>
      <class name="PHP_Token_IS_NOT_IDENTICAL" namespace="global" fullPackage="PHP.Token.IS.NOT">
        <metrics methods="0" coveredmethods="0" conditionals="0" coveredconditionals="0" statements="0" coveredstatements="0" elements="0" coveredelements="0"/>
      </class>
      <class name="PHP_Token_IS_SMALLER_OR_EQUAL" namespace="global" fullPackage="PHP.Token.IS.SMALLER.OR">
        <metrics methods="0" coveredmethods="0" conditionals="0" coveredconditionals="0" statements="0" coveredstatements="0" elements="0" coveredelements="0"/>
      </class>
      <class name="PHP_Token_LINE" namespace="global" fullPackage="PHP.Token">
        <metrics methods="0" coveredmethods="0" conditionals="0" coveredconditionals="0" statements="0" coveredstatements="0" elements="0" coveredelements="0"/>
      </class>
      <class name="PHP_Token_LIST" namespace="global" fullPackage="PHP.Token">
        <metrics methods="0" coveredmethods="0" conditionals="0" coveredconditionals="0" statements="0" coveredstatements="0" elements="0" coveredelements="0"/>
      </class>
      <class name="PHP_Token_LNUMBER" namespace="global" fullPackage="PHP.Token">
        <metrics methods="0" coveredmethods="0" conditionals="0" coveredconditionals="0" statements="0" coveredstatements="0" elements="0" coveredelements="0"/>
      </class>
      <class name="PHP_Token_LOGICAL_AND" namespace="global" fullPackage="PHP.Token.LOGICAL">
        <metrics methods="0" coveredmethods="0" conditionals="0" coveredconditionals="0" statements="0" coveredstatements="0" elements="0" coveredelements="0"/>
      </class>
      <class name="PHP_Token_LOGICAL_OR" namespace="global" fullPackage="PHP.Token.LOGICAL">
        <metrics methods="0" coveredmethods="0" conditionals="0" coveredconditionals="0" statements="0" coveredstatements="0" elements="0" coveredelements="0"/>
      </class>
      <class name="PHP_Token_LOGICAL_XOR" namespace="global" fullPackage="PHP.Token.LOGICAL">
        <metrics methods="0" coveredmethods="0" conditionals="0" coveredconditionals="0" statements="0" coveredstatements="0" elements="0" coveredelements="0"/>
      </class>
      <class name="PHP_Token_LT" namespace="global" fullPackage="PHP.Token">
        <metrics methods="0" coveredmethods="0" conditionals="0" coveredconditionals="0" statements="0" coveredstatements="0" elements="0" coveredelements="0"/>
      </class>
      <class name="PHP_Token_METHOD_C" namespace="global" fullPackage="PHP.Token.METHOD">
        <metrics methods="0" coveredmethods="0" conditionals="0" coveredconditionals="0" statements="0" coveredstatements="0" elements="0" coveredelements="0"/>
      </class>
      <class name="PHP_Token_MINUS" namespace="global" fullPackage="PHP.Token">
        <metrics methods="0" coveredmethods="0" conditionals="0" coveredconditionals="0" statements="0" coveredstatements="0" elements="0" coveredelements="0"/>
      </class>
      <class name="PHP_Token_MINUS_EQUAL" namespace="global" fullPackage="PHP.Token.MINUS">
        <metrics methods="0" coveredmethods="0" conditionals="0" coveredconditionals="0" statements="0" coveredstatements="0" elements="0" coveredelements="0"/>
      </class>
      <class name="PHP_Token_MOD_EQUAL" namespace="global" fullPackage="PHP.Token.MOD">
        <metrics methods="0" coveredmethods="0" conditionals="0" coveredconditionals="0" statements="0" coveredstatements="0" elements="0" coveredelements="0"/>
      </class>
      <class name="PHP_Token_MULT" namespace="global" fullPackage="PHP.Token">
        <metrics methods="0" coveredmethods="0" conditionals="0" coveredconditionals="0" statements="0" coveredstatements="0" elements="0" coveredelements="0"/>
      </class>
      <class name="PHP_Token_MUL_EQUAL" namespace="global" fullPackage="PHP.Token.MUL">
        <metrics methods="0" coveredmethods="0" conditionals="0" coveredconditionals="0" statements="0" coveredstatements="0" elements="0" coveredelements="0"/>
      </class>
      <class name="PHP_Token_NEW" namespace="global" fullPackage="PHP.Token">
        <metrics methods="0" coveredmethods="0" conditionals="0" coveredconditionals="0" statements="0" coveredstatements="0" elements="0" coveredelements="0"/>
      </class>
      <class name="PHP_Token_NUM_STRING" namespace="global" fullPackage="PHP.Token.NUM">
        <metrics methods="0" coveredmethods="0" conditionals="0" coveredconditionals="0" statements="0" coveredstatements="0" elements="0" coveredelements="0"/>
      </class>
      <class name="PHP_Token_OBJECT_CAST" namespace="global" fullPackage="PHP.Token.OBJECT">
        <metrics methods="0" coveredmethods="0" conditionals="0" coveredconditionals="0" statements="0" coveredstatements="0" elements="0" coveredelements="0"/>
      </class>
      <class name="PHP_Token_OBJECT_OPERATOR" namespace="global" fullPackage="PHP.Token.OBJECT">
        <metrics methods="0" coveredmethods="0" conditionals="0" coveredconditionals="0" statements="0" coveredstatements="0" elements="0" coveredelements="0"/>
      </class>
      <class name="PHP_Token_OPEN_BRACKET" namespace="global" fullPackage="PHP.Token.OPEN">
        <metrics methods="0" coveredmethods="0" conditionals="0" coveredconditionals="0" statements="0" coveredstatements="0" elements="0" coveredelements="0"/>
      </class>
      <class name="PHP_Token_OPEN_CURLY" namespace="global" fullPackage="PHP.Token.OPEN">
        <metrics methods="0" coveredmethods="0" conditionals="0" coveredconditionals="0" statements="0" coveredstatements="0" elements="0" coveredelements="0"/>
      </class>
      <class name="PHP_Token_OPEN_SQUARE" namespace="global" fullPackage="PHP.Token.OPEN">
        <metrics methods="0" coveredmethods="0" conditionals="0" coveredconditionals="0" statements="0" coveredstatements="0" elements="0" coveredelements="0"/>
      </class>
      <class name="PHP_Token_OPEN_TAG" namespace="global" fullPackage="PHP.Token.OPEN">
        <metrics methods="0" coveredmethods="0" conditionals="0" coveredconditionals="0" statements="0" coveredstatements="0" elements="0" coveredelements="0"/>
      </class>
      <class name="PHP_Token_OPEN_TAG_WITH_ECHO" namespace="global" fullPackage="PHP.Token.OPEN.TAG.WITH">
[...]
        <line num="45" type="stmt" count="8"/>
        <line num="50" type="method" name="getInstance" crap="6" count="0"/>
        <line num="52" type="stmt" count="0"/>
        <line num="53" type="stmt" count="0"/>
        <line num="56" type="stmt" count="0"/>
        <line num="66" type="method" name="getComparatorFor" crap="3.14" count="8"/>
        <line num="68" type="stmt" count="8"/>
        <line num="69" type="stmt" count="8"/>
        <line num="70" type="stmt" count="8"/>
        <line num="73" type="stmt" count="0"/>
        <line num="85" type="method" name="register" crap="1" count="8"/>
        <line num="87" type="stmt" count="8"/>
        <line num="89" type="stmt" count="8"/>
        <line num="90" type="stmt" count="8"/>
        <line num="99" type="method" name="unregister" crap="12" count="0"/>
        <line num="101" type="stmt" count="0"/>
        <line num="102" type="stmt" count="0"/>
        <line num="103" type="stmt" count="0"/>
        <line num="106" type="stmt" count="0"/>
        <metrics loc="107" ncloc="60" classes="1" methods="5" coveredmethods="2" conditionals="0" coveredconditionals="0" statements="27" coveredstatements="19" elements="32" coveredelements="21"/>
      </file>
      <file name="/home/chris/PhpstormProjects/CrocoPhp/vendor/sebastian/comparator/src/MockObjectComparator.php">
        <class name="MockObjectComparator" namespace="SebastianBergmann\Comparator">
          <metrics methods="1" coveredmethods="1" conditionals="0" coveredconditionals="0" statements="1" coveredstatements="1" elements="2" coveredelements="2"/>
        </class>
        <line num="25" type="method" name="accepts" crap="2" count="8"/>
        <line num="27" type="stmt" count="8"/>
        <metrics loc="44" ncloc="19" classes="1" methods="1" coveredmethods="1" conditionals="0" coveredconditionals="0" statements="1" coveredstatements="1" elements="2" coveredelements="2"/>
      </file>
      <file name="/home/chris/PhpstormProjects/CrocoPhp/vendor/sebastian/comparator/src/NumericComparator.php">
        <class name="NumericComparator" namespace="SebastianBergmann\Comparator">
          <metrics methods="1" coveredmethods="1" conditionals="0" coveredconditionals="0" statements="3" coveredstatements="3" elements="4" coveredelements="4"/>
        </class>
        <line num="25" type="method" name="accepts" crap="6" count="8"/>
        <line num="29" type="stmt" count="8"/>
        <line num="30" type="stmt" count="8"/>
        <line num="31" type="stmt" count="8"/>
        <metrics loc="72" ncloc="35" classes="1" methods="1" coveredmethods="1" conditionals="0" coveredconditionals="0" statements="3" coveredstatements="3" elements="4" coveredelements="4"/>
      </file>
      <file name="/home/chris/PhpstormProjects/CrocoPhp/vendor/sebastian/comparator/src/ObjectComparator.php">
        <class name="ObjectComparator" namespace="SebastianBergmann\Comparator">
          <metrics methods="2" coveredmethods="2" conditionals="0" coveredconditionals="0" statements="7" coveredstatements="7" elements="9" coveredelements="9"/>
        </class>
        <line num="25" type="method" name="accepts" crap="2" count="8"/>
        <line num="27" type="stmt" count="8"/>
        <line num="46" type="method" name="assertEquals" crap="6" count="3"/>
        <line num="48" type="stmt" count="3"/>
        <line num="64" type="stmt" count="3"/>
        <line num="65" type="stmt" count="3"/>
        <line num="69" type="stmt" count="3"/>
        <line num="74" type="stmt" count="3"/>
        <line num="96" type="stmt" count="3"/>
        <metrics loc="109" ncloc="58" classes="1" methods="2" coveredmethods="2" conditionals="0" coveredconditionals="0" statements="7" coveredstatements="7" elements="9" coveredelements="9"/>
      </file>
      <file name="/home/chris/PhpstormProjects/CrocoPhp/vendor/sebastian/comparator/src/ResourceComparator.php">
        <class name="ResourceComparator" namespace="SebastianBergmann\Comparator">
          <metrics methods="1" coveredmethods="1" conditionals="0" coveredconditionals="0" statements="1" coveredstatements="1" elements="2" coveredelements="2"/>
        </class>
        <line num="25" type="method" name="accepts" crap="2" count="8"/>
        <line num="27" type="stmt" count="8"/>
        <metrics loc="56" ncloc="23" classes="1" methods="1" coveredmethods="1" conditionals="0" coveredconditionals="0" statements="1" coveredstatements="1" elements="2" coveredelements="2"/>
      </file>
      <file name="/home/chris/PhpstormProjects/CrocoPhp/vendor/sebastian/comparator/src/ScalarComparator.php">
        <class name="ScalarComparator" namespace="SebastianBergmann\Comparator">
          <metrics methods="2" coveredmethods="0" conditionals="0" coveredconditionals="0" statements="27" coveredstatements="13" elements="29" coveredelements="13"/>
        </class>
        <line num="26" type="method" name="accepts" crap="9.00" count="8"/>
        <line num="28" type="stmt" count="8"/>
        <line num="29" type="stmt" count="8"/>
        <line num="31" type="stmt" count="0"/>
        <line num="32" type="stmt" count="8"/>
        <line num="50" type="method" name="assertEquals" crap="15.85" count="8"/>
        <line num="52" type="stmt" count="8"/>
        <line num="53" type="stmt" count="8"/>
        <line num="57" type="stmt" count="8"/>
        <line num="58" type="stmt" count="4"/>
        <line num="59" type="stmt" count="4"/>
        <line num="61" type="stmt" count="4"/>
        <line num="62" type="stmt" count="3"/>
        <line num="63" type="stmt" count="3"/>
        <line num="67" type="stmt" count="8"/>
        <line num="68" type="stmt" count="0"/>
        <line num="69" type="stmt" count="0"/>
        <line num="72" type="stmt" count="0"/>
        <line num="73" type="stmt" count="0"/>
        <line num="74" type="stmt" count="0"/>
        <line num="75" type="stmt" count="0"/>
        <line num="79" type="stmt" count="0"/>
        <line num="83" type="stmt" count="0"/>
        <line num="84" type="stmt" count="0"/>
        <line num="85" type="stmt" count="0"/>
        <line num="87" type="stmt" count="0"/>
        <line num="88" type="stmt" count="0"/>
        <line num="89" type="stmt" count="0"/>
        <line num="93" type="stmt" count="8"/>
        <metrics loc="94" ncloc="52" classes="1" methods="2" coveredmethods="0" conditionals="0" coveredconditionals="0" statements="27" coveredstatements="13" elements="29" coveredelements="13"/>
      </file>
      <file name="/home/chris/PhpstormProjects/CrocoPhp/vendor/sebastian/comparator/src/SplObjectStorageComparator.php">
        <class name="SplObjectStorageComparator" namespace="SebastianBergmann\Comparator">
          <metrics methods="1" coveredmethods="1" conditionals="0" coveredconditionals="0" statements="1" coveredstatements="1" elements="2" coveredelements="2"/>
        </class>
        <line num="25" type="method" name="accepts" crap="2" count="8"/>
        <line num="27" type="stmt" count="8"/>
        <metrics loc="73" ncloc="40" classes="1" methods="1" coveredmethods="1" conditionals="0" coveredconditionals="0" statements="1" coveredstatements="1" elements="2" coveredelements="2"/>
      </file>
      <file name="/home/chris/PhpstormProjects/CrocoPhp/vendor/sebastian/comparator/src/TypeComparator.php">
        <class name="TypeComparator" namespace="SebastianBergmann\Comparator">
          <metrics methods="2" coveredmethods="0" conditionals="0" coveredconditionals="0" statements="9" coveredstatements="0" elements="11" coveredelements="0"/>
        </class>
        <line num="25" type="method" name="accepts" crap="2" count="0"/>
        <line num="27" type="stmt" count="0"/>
        <line num="45" type="method" name="assertEquals" crap="6" count="0"/>
        <line num="47" type="stmt" count="0"/>
        <line num="48" type="stmt" count="0"/>
        <line num="52" type="stmt" count="0"/>
        <line num="53" type="stmt" count="0"/>
        <line num="54" type="stmt" count="0"/>
        <line num="56" type="stmt" count="0"/>
        <line num="57" type="stmt" count="0"/>
        <line num="62" type="stmt" count="0"/>
        <metrics loc="63" ncloc="28" classes="1" methods="2" coveredmethods="0" conditionals="0" coveredconditionals="0" statements="9" coveredstatements="0" elements="11" coveredelements="0"/>
      </file>
    </package>
    <package name="SebastianBergmann\Environment">
      <file name="/home/chris/PhpstormProjects/CrocoPhp/vendor/sebastian/environment/src/Runtime.php">
        <class name="Runtime" namespace="SebastianBergmann\Environment">
          <metrics methods="11" coveredmethods="0" conditionals="0" coveredconditionals="0" statements="45" coveredstatements="0" elements="56" coveredelements="0"/>
        </class>
        <line num="29" type="method" name="canCollectCodeCoverage" crap="6" count="0"/>
        <line num="31" type="stmt" count="0"/>
        <line num="40" type="method" name="getBinary" crap="272" count="0"/>
        <line num="43" type="stmt" count="0"/>
        <line num="44" type="stmt" count="0"/>
        <line num="45" type="stmt" count="0"/>
        <line num="48" type="stmt" count="0"/>
        <line num="52" type="stmt" count="0"/>
        <line num="53" type="stmt" count="0"/>
        <line num="57" type="stmt" count="0"/>
        <line num="58" type="stmt" count="0"/>
        <line num="59" type="stmt" count="0"/>
        <line num="60" type="stmt" count="0"/>
        <line num="62" type="stmt" count="0"/>
        <line num="63" type="stmt" count="0"/>
        <line num="64" type="stmt" count="0"/>
        <line num="66" type="stmt" count="0"/>
        <line num="68" type="stmt" count="0"/>
        <line num="69" type="stmt" count="0"/>
        <line num="74" type="stmt" count="0"/>
        <line num="76" type="stmt" count="0"/>
        <line num="77" type="stmt" count="0"/>
        <line num="78" type="stmt" count="0"/>
        <line num="81" type="stmt" count="0"/>
        <line num="82" type="stmt" count="0"/>
        <line num="83" type="stmt" count="0"/>
        <line num="84" type="stmt" count="0"/>
        <line num="89" type="stmt" count="0"/>
        <line num="90" type="stmt" count="0"/>
        <line num="93" type="stmt" count="0"/>
        <line num="99" type="method" name="getNameWithVersion" crap="2" count="0"/>
        <line num="101" type="stmt" count="0"/>
        <line num="107" type="method" name="getName" crap="12" count="0"/>
        <line num="109" type="stmt" count="0"/>
        <line num="110" type="stmt" count="0"/>
        <line num="111" type="stmt" count="0"/>
        <line num="112" type="stmt" count="0"/>
        <line num="114" type="stmt" count="0"/>
        <line num="121" type="method" name="getVendorUrl" crap="6" count="0"/>
        <line num="123" type="stmt" count="0"/>
        <line num="124" type="stmt" count="0"/>
        <line num="126" type="stmt" count="0"/>
        <line num="133" type="method" name="getVersion" crap="6" count="0"/>
        <line num="135" type="stmt" count="0"/>
        <line num="136" type="stmt" count="0"/>
        <line num="138" type="stmt" count="0"/>
        <line num="147" type="method" name="hasXdebug" crap="12" count="0"/>
        <line num="149" type="stmt" count="0"/>
        <line num="157" type="method" name="isHHVM" crap="2" count="0"/>
        <line num="159" type="stmt" count="0"/>
        <line num="167" type="method" name="isPHP" crap="6" count="0"/>
        <line num="169" type="stmt" count="0"/>
        <line num="177" type="method" name="isPHPDBG" crap="6" count="0"/>
        <line num="179" type="stmt" count="0"/>
        <line num="188" type="method" name="hasPHPDBGCodeCoverage" crap="6" count="0"/>
        <line num="190" type="stmt" count="0"/>
        <metrics loc="192" ncloc="122" classes="1" methods="11" coveredmethods="0" conditionals="0" coveredconditionals="0" statements="45" coveredstatements="0" elements="56" coveredelements="0"/>
      </file>
    </package>
    <package name="SebastianBergmann\Exporter">
      <file name="/home/chris/PhpstormProjects/CrocoPhp/vendor/sebastian/exporter/src/Exporter.php">
        <class name="Exporter" namespace="SebastianBergmann\Exporter">
          <metrics methods="5" coveredmethods="1" conditionals="0" coveredconditionals="0" statements="98" coveredstatements="27" elements="103" coveredelements="28"/>
        </class>
        <line num="45" type="method" name="export" crap="1" count="4"/>
        <line num="47" type="stmt" count="4"/>
        <line num="55" type="method" name="shortenedRecursiveExport" crap="30" count="0"/>
        <line num="57" type="stmt" count="0"/>
        <line num="58" type="stmt" count="0"/>
        <line num="60" type="stmt" count="0"/>
        <line num="61" type="stmt" count="0"/>
        <line num="64" type="stmt" count="0"/>
        <line num="66" type="stmt" count="0"/>
        <line num="67" type="stmt" count="0"/>
        <line num="68" type="stmt" count="0"/>
        <line num="69" type="stmt" count="0"/>
        <line num="73" type="stmt" count="0"/>
        <line num="74" type="stmt" count="0"/>
        <line num="75" type="stmt" count="0"/>
        <line num="81" type="stmt" count="0"/>
        <line num="85" type="stmt" count="0"/>
        <line num="102" type="method" name="shortenedExport" crap="10.86" count="4"/>
        <line num="104" type="stmt" count="4"/>
        <line num="105" type="stmt" count="4"/>
        <line num="107" type="stmt" count="4"/>
        <line num="108" type="stmt" count="0"/>
        <line num="111" type="stmt" count="4"/>
        <line num="114" type="stmt" count="3"/>
        <line num="115" type="stmt" count="3"/>
        <line num="116" type="stmt" count="3"/>
        <line num="118" type="stmt" count="3"/>
        <line num="122" type="stmt" count="0"/>
        <line num="123" type="stmt" count="0"/>
        <line num="124" type="stmt" count="0"/>
        <line num="125" type="stmt" count="0"/>
        <line num="129" type="stmt" count="0"/>
        <line num="139" type="method" name="toArray" crap="28.66" count="3"/>
        <line num="141" type="stmt" count="3"/>
        <line num="142" type="stmt" count="0"/>
        <line num="145" type="stmt" count="3"/>
        <line num="147" type="stmt" count="3"/>
        <line num="152" type="stmt" count="3"/>
        <line num="153" type="stmt" count="3"/>
        <line num="157" type="stmt" count="3"/>
        <line num="158" type="stmt" count="0"/>
        <line num="161" type="stmt" count="3"/>
        <line num="167" type="stmt" count="3"/>
        <line num="170" type="stmt" count="0"/>
        <line num="171" type="stmt" count="0"/>
        <line num="172" type="stmt" count="0"/>
        <line num="173" type="stmt" count="0"/>
        <line num="176" type="stmt" count="0"/>
        <line num="177" type="stmt" count="0"/>
        <line num="180" type="stmt" count="0"/>
        <line num="181" type="stmt" count="0"/>
        <line num="182" type="stmt" count="0"/>
        <line num="183" type="stmt" count="0"/>
        <line num="188" type="stmt" count="3"/>
        <line num="200" type="method" name="recursiveExport" crap="191.79" count="4"/>
        <line num="202" type="stmt" count="4"/>
        <line num="203" type="stmt" count="0"/>
        <line num="206" type="stmt" count="4"/>
        <line num="207" type="stmt" count="0"/>
        <line num="210" type="stmt" count="4"/>
        <line num="211" type="stmt" count="0"/>
        <line num="214" type="stmt" count="4"/>
        <line num="215" type="stmt" count="0"/>
        <line num="218" type="stmt" count="4"/>
        <line num="219" type="stmt" count="0"/>
        <line num="220" type="stmt" count="0"/>
        <line num="226" type="stmt" count="4"/>
        <line num="228" type="stmt" count="4"/>
        <line num="229" type="stmt" count="0"/>
        <line num="233" type="stmt" count="4"/>
        <line num="234" type="stmt" count="4"/>
        <line num="237" type="stmt" count="0"/>
        <line num="239" type="stmt" count="0"/>
        <line num="240" type="stmt" count="0"/>
        <line num="243" type="stmt" count="0"/>
        <line num="244" type="stmt" count="0"/>
        <line num="245" type="stmt" count="0"/>
        <line num="248" type="stmt" count="0"/>
        <line num="249" type="stmt" count="0"/>
        <line num="251" type="stmt" count="0"/>
        <line num="252" type="stmt" count="0"/>
        <line num="253" type="stmt" count="0"/>
        <line num="254" type="stmt" count="0"/>
        <line num="256" type="stmt" count="0"/>
        <line num="257" type="stmt" count="0"/>
        <line num="261" type="stmt" count="0"/>
        <line num="264" type="stmt" count="0"/>
        <line num="267" type="stmt" count="0"/>
        <line num="268" type="stmt" count="0"/>
        <line num="270" type="stmt" count="0"/>
        <line num="271" type="stmt" count="0"/>
        <line num="274" type="stmt" count="0"/>
        <line num="275" type="stmt" count="0"/>
        <line num="276" type="stmt" count="0"/>
        <line num="278" type="stmt" count="0"/>
        <line num="279" type="stmt" count="0"/>
        <line num="280" type="stmt" count="0"/>
        <line num="281" type="stmt" count="0"/>
        <line num="283" type="stmt" count="0"/>
        <line num="284" type="stmt" count="0"/>
        <line num="288" type="stmt" count="0"/>
        <line num="291" type="stmt" count="0"/>
        <line num="294" type="stmt" count="0"/>
        <metrics loc="296" ncloc="203" classes="1" methods="5" coveredmethods="1" conditionals="0" coveredconditionals="0" statements="98" coveredstatements="27" elements="103" coveredelements="28"/>
      </file>
    </package>
    <package name="SebastianBergmann">
      <file name="/home/chris/PhpstormProjects/CrocoPhp/vendor/sebastian/version/src/Version.php">
        <class name="Version" namespace="SebastianBergmann">
          <metrics methods="3" coveredmethods="0" conditionals="0" coveredconditionals="0" statements="24" coveredstatements="0" elements="27" coveredelements="0"/>
        </class>
        <line num="26" type="method" name="__construct" crap="2" count="0"/>
        <line num="28" type="stmt" count="0"/>
        <line num="29" type="stmt" count="0"/>
        <line num="30" type="stmt" count="0"/>
        <line num="35" type="method" name="getVersion" crap="30" count="0"/>
        <line num="37" type="stmt" count="0"/>
        <line num="38" type="stmt" count="0"/>
        <line num="39" type="stmt" count="0"/>
        <line num="41" type="stmt" count="0"/>
        <line num="44" type="stmt" count="0"/>
        <line num="46" type="stmt" count="0"/>
        <line num="47" type="stmt" count="0"/>
        <line num="48" type="stmt" count="0"/>
        <line num="50" type="stmt" count="0"/>
        <line num="52" type="stmt" count="0"/>
        <line num="57" type="stmt" count="0"/>
        <line num="64" type="method" name="getGitInformation" crap="12" count="0"/>
        <line num="66" type="stmt" count="0"/>
        <line num="67" type="stmt" count="0"/>
        <line num="70" type="stmt" count="0"/>
        <line num="71" type="stmt" count="0"/>
        <line num="72" type="stmt" count="0"/>
        <line num="73" type="stmt" count="0"/>
        <line num="74" type="stmt" count="0"/>
        <line num="76" type="stmt" count="0"/>
        <line num="77" type="stmt" count="0"/>
        <line num="80" type="stmt" count="0"/>
        <metrics loc="82" ncloc="60" classes="1" methods="3" coveredmethods="0" conditionals="0" coveredconditionals="0" statements="24" coveredstatements="0" elements="27" coveredelements="0"/>
      </file>
    </package>
    <metrics files="87" loc="19557" ncloc="12673" classes="264" methods="532" coveredmethods="62" conditionals="0" coveredconditionals="0" statements="5300" coveredstatements="557" elements="5832" coveredelements="619"/>
  </project>
</coverage>
